{"/home/travis/build/npmtest/node-npmtest-angular-timer/test.js":{"path":"/home/travis/build/npmtest/node-npmtest-angular-timer/test.js","s":{"1":2,"2":2,"3":2,"4":2,"5":2,"6":2,"7":2,"8":1,"9":2,"10":2,"11":1,"12":1,"13":1,"14":1,"15":2,"16":2,"17":2,"18":2,"19":1,"20":1,"21":2,"22":2,"23":2,"24":1,"25":1,"26":1,"27":1,"28":1,"29":1,"30":1,"31":1,"32":1,"33":1,"34":1,"35":1,"36":1,"37":1,"38":1,"39":2,"40":2,"41":1,"42":2,"43":2,"44":1,"45":2,"46":2,"47":1,"48":2,"49":2,"50":1,"51":1,"52":1,"53":1,"54":1},"b":{"1":[2,1,1,1],"2":[1,1,1,1],"3":[1,1],"4":[1,1],"5":[1,1],"6":[1,1],"7":[1,1],"8":[1,1],"9":[1,1],"10":[1,1,1],"11":[1,1],"12":[1,1],"13":[1,1],"14":[1,1],"15":[1,1],"16":[1,1],"17":[1,1]},"f":{"1":2,"2":2,"3":2,"4":2,"5":2,"6":1,"7":1,"8":1,"9":2,"10":2,"11":2,"12":2,"13":1},"fnMap":{"1":{"name":"(anonymous_1)","line":12,"loc":{"start":{"line":12,"column":1},"end":{"line":12,"column":13}}},"2":{"name":"(anonymous_2)","line":19,"loc":{"start":{"line":19,"column":5},"end":{"line":19,"column":17}}},"3":{"name":"(anonymous_3)","line":23,"loc":{"start":{"line":23,"column":24},"end":{"line":23,"column":36}}},"4":{"name":"(anonymous_4)","line":61,"loc":{"start":{"line":61,"column":5},"end":{"line":61,"column":17}}},"5":{"name":"(anonymous_5)","line":82,"loc":{"start":{"line":82,"column":5},"end":{"line":82,"column":17}}},"6":{"name":"(anonymous_6)","line":91,"loc":{"start":{"line":91,"column":77},"end":{"line":94,"column":10}}},"7":{"name":"(anonymous_7)","line":112,"loc":{"start":{"line":112,"column":83},"end":{"line":115,"column":10}},"skip":true},"8":{"name":"(anonymous_8)","line":123,"loc":{"start":{"line":123,"column":77},"end":{"line":126,"column":10}},"skip":true},"9":{"name":"(anonymous_9)","line":139,"loc":{"start":{"line":139,"column":12},"end":{"line":139,"column":40}},"skip":true},"10":{"name":"(anonymous_10)","line":147,"loc":{"start":{"line":147,"column":77},"end":{"line":150,"column":10}},"skip":true},"11":{"name":"(anonymous_11)","line":158,"loc":{"start":{"line":158,"column":83},"end":{"line":161,"column":10}},"skip":true},"12":{"name":"(anonymous_12)","line":169,"loc":{"start":{"line":169,"column":79},"end":{"line":172,"column":10}},"skip":true},"13":{"name":"(anonymous_13)","line":180,"loc":{"start":{"line":180,"column":75},"end":{"line":183,"column":10}},"skip":true}},"statementMap":{"1":{"start":{"line":12,"column":0},"end":{"line":195,"column":5}},"2":{"start":{"line":14,"column":4},"end":{"line":14,"column":14}},"3":{"start":{"line":19,"column":4},"end":{"line":56,"column":9}},"4":{"start":{"line":21,"column":8},"end":{"line":21,"column":19}},"5":{"start":{"line":23,"column":8},"end":{"line":35,"column":13}},"6":{"start":{"line":24,"column":12},"end":{"line":34,"column":13}},"7":{"start":{"line":25,"column":16},"end":{"line":28,"column":30}},"8":{"start":{"line":30,"column":16},"end":{"line":33,"column":27}},"9":{"start":{"line":37,"column":8},"end":{"line":39,"column":21}},"10":{"start":{"line":40,"column":8},"end":{"line":53,"column":9}},"11":{"start":{"line":43,"column":12},"end":{"line":46,"column":14}},"12":{"start":{"line":47,"column":12},"end":{"line":47,"column":18}},"13":{"start":{"line":50,"column":12},"end":{"line":51,"column":46}},"14":{"start":{"line":52,"column":12},"end":{"line":52,"column":18}},"15":{"start":{"line":55,"column":8},"end":{"line":55,"column":35}},"16":{"start":{"line":61,"column":4},"end":{"line":63,"column":9}},"17":{"start":{"line":62,"column":8},"end":{"line":62,"column":15}},"18":{"start":{"line":64,"column":4},"end":{"line":77,"column":5}},"19":{"start":{"line":70,"column":8},"end":{"line":70,"column":14}},"20":{"start":{"line":76,"column":8},"end":{"line":76,"column":14}},"21":{"start":{"line":82,"column":4},"end":{"line":84,"column":9}},"22":{"start":{"line":83,"column":8},"end":{"line":83,"column":15}},"23":{"start":{"line":85,"column":4},"end":{"line":194,"column":5}},"24":{"start":{"line":91,"column":8},"end":{"line":99,"column":10}},"25":{"start":{"line":98,"column":12},"end":{"line":98,"column":35}},"26":{"start":{"line":102,"column":8},"end":{"line":104,"column":63}},"27":{"start":{"line":105,"column":8},"end":{"line":105,"column":14}},"28":{"start":{"line":112,"column":8},"end":{"line":121,"column":10},"skip":true},"29":{"start":{"line":119,"column":12},"end":{"line":119,"column":55},"skip":true},"30":{"start":{"line":120,"column":12},"end":{"line":120,"column":48},"skip":true},"31":{"start":{"line":123,"column":8},"end":{"line":136,"column":10},"skip":true},"32":{"start":{"line":130,"column":12},"end":{"line":130,"column":76},"skip":true},"33":{"start":{"line":131,"column":12},"end":{"line":131,"column":73},"skip":true},"34":{"start":{"line":132,"column":12},"end":{"line":132,"column":74},"skip":true},"35":{"start":{"line":133,"column":12},"end":{"line":133,"column":79},"skip":true},"36":{"start":{"line":134,"column":12},"end":{"line":134,"column":25},"skip":true},"37":{"start":{"line":135,"column":12},"end":{"line":135,"column":45},"skip":true},"38":{"start":{"line":138,"column":8},"end":{"line":145,"column":14},"skip":true},"39":{"start":{"line":143,"column":16},"end":{"line":143,"column":29},"skip":true},"40":{"start":{"line":144,"column":16},"end":{"line":144,"column":55},"skip":true},"41":{"start":{"line":147,"column":8},"end":{"line":156,"column":10},"skip":true},"42":{"start":{"line":154,"column":12},"end":{"line":154,"column":25},"skip":true},"43":{"start":{"line":155,"column":12},"end":{"line":155,"column":45},"skip":true},"44":{"start":{"line":158,"column":8},"end":{"line":167,"column":10},"skip":true},"45":{"start":{"line":165,"column":12},"end":{"line":165,"column":25},"skip":true},"46":{"start":{"line":166,"column":12},"end":{"line":166,"column":48},"skip":true},"47":{"start":{"line":169,"column":8},"end":{"line":178,"column":10},"skip":true},"48":{"start":{"line":176,"column":12},"end":{"line":176,"column":25},"skip":true},"49":{"start":{"line":177,"column":12},"end":{"line":177,"column":46},"skip":true},"50":{"start":{"line":180,"column":8},"end":{"line":189,"column":10},"skip":true},"51":{"start":{"line":187,"column":12},"end":{"line":187,"column":94},"skip":true},"52":{"start":{"line":188,"column":12},"end":{"line":188,"column":48},"skip":true},"53":{"start":{"line":192,"column":8},"end":{"line":192,"column":35},"skip":true},"54":{"start":{"line":193,"column":8},"end":{"line":193,"column":14},"skip":true}},"branchMap":{"1":{"line":25,"type":"binary-expr","locations":[{"start":{"line":25,"column":23},"end":{"line":25,"column":62}},{"start":{"line":26,"column":20},"end":{"line":26,"column":70}},{"start":{"line":27,"column":20},"end":{"line":27,"column":71}},{"start":{"line":28,"column":20},"end":{"line":28,"column":29}}]},"2":{"line":30,"type":"binary-expr","locations":[{"start":{"line":30,"column":23},"end":{"line":30,"column":37}},{"start":{"line":31,"column":20},"end":{"line":31,"column":61}},{"start":{"line":32,"column":20},"end":{"line":32,"column":70}},{"start":{"line":33,"column":20},"end":{"line":33,"column":26}}]},"3":{"line":37,"type":"cond-expr","locations":[{"start":{"line":38,"column":14},"end":{"line":38,"column":20}},{"start":{"line":39,"column":14},"end":{"line":39,"column":20}}]},"4":{"line":40,"type":"switch","locations":[{"start":{"line":42,"column":8},"end":{"line":47,"column":18}},{"start":{"line":49,"column":8},"end":{"line":52,"column":18}}]},"5":{"line":44,"type":"binary-expr","locations":[{"start":{"line":44,"column":16},"end":{"line":44,"column":44}},{"start":{"line":44,"column":48},"end":{"line":44,"column":66}}]},"6":{"line":50,"type":"binary-expr","locations":[{"start":{"line":50,"column":21},"end":{"line":50,"column":49}},{"start":{"line":50,"column":53},"end":{"line":50,"column":72}}]},"7":{"line":64,"type":"switch","locations":[{"start":{"line":69,"column":4},"end":{"line":70,"column":14}},{"start":{"line":75,"column":4},"end":{"line":76,"column":14}}]},"8":{"line":85,"type":"switch","locations":[{"start":{"line":90,"column":4},"end":{"line":105,"column":14}},{"start":{"line":111,"column":4},"end":{"line":193,"column":14},"skip":true}]},"9":{"line":91,"type":"binary-expr","locations":[{"start":{"line":91,"column":42},"end":{"line":91,"column":73}},{"start":{"line":91,"column":77},"end":{"line":99,"column":9}}]},"10":{"line":102,"type":"binary-expr","locations":[{"start":{"line":102,"column":18},"end":{"line":102,"column":32}},{"start":{"line":103,"column":12},"end":{"line":103,"column":53}},{"start":{"line":104,"column":12},"end":{"line":104,"column":61}}]},"11":{"line":112,"type":"binary-expr","locations":[{"start":{"line":112,"column":45},"end":{"line":112,"column":79},"skip":true},{"start":{"line":112,"column":83},"end":{"line":121,"column":9},"skip":true}]},"12":{"line":123,"type":"binary-expr","locations":[{"start":{"line":123,"column":42},"end":{"line":123,"column":73},"skip":true},{"start":{"line":123,"column":77},"end":{"line":136,"column":9},"skip":true}]},"13":{"line":138,"type":"binary-expr","locations":[{"start":{"line":138,"column":48},"end":{"line":138,"column":85},"skip":true},{"start":{"line":139,"column":12},"end":{"line":145,"column":13},"skip":true}]},"14":{"line":147,"type":"binary-expr","locations":[{"start":{"line":147,"column":42},"end":{"line":147,"column":73},"skip":true},{"start":{"line":147,"column":77},"end":{"line":156,"column":9},"skip":true}]},"15":{"line":158,"type":"binary-expr","locations":[{"start":{"line":158,"column":45},"end":{"line":158,"column":79},"skip":true},{"start":{"line":158,"column":83},"end":{"line":167,"column":9},"skip":true}]},"16":{"line":169,"type":"binary-expr","locations":[{"start":{"line":169,"column":43},"end":{"line":169,"column":75},"skip":true},{"start":{"line":169,"column":79},"end":{"line":178,"column":9},"skip":true}]},"17":{"line":180,"type":"binary-expr","locations":[{"start":{"line":180,"column":41},"end":{"line":180,"column":71},"skip":true},{"start":{"line":180,"column":75},"end":{"line":189,"column":9},"skip":true}]}},"code":["/* istanbul instrument in package npmtest_angular_timer */","/*jslint","    bitwise: true,","    browser: true,","    maxerr: 8,","    maxlen: 96,","    node: true,","    nomen: true,","    regexp: true,","    stupid: true","*/","(function () {","    'use strict';","    var local;","","","","    // run shared js-env code - pre-init","    (function () {","        // init local","        local = {};","        // init modeJs","        local.modeJs = (function () {","            try {","                return typeof navigator.userAgent === 'string' &&","                    typeof document.querySelector('body') === 'object' &&","                    typeof XMLHttpRequest.prototype.open === 'function' &&","                    'browser';","            } catch (errorCaughtBrowser) {","                return module.exports &&","                    typeof process.versions.node === 'string' &&","                    typeof require('http').createServer === 'function' &&","                    'node';","            }","        }());","        // init global","        local.global = local.modeJs === 'browser'","            ? window","            : global;","        switch (local.modeJs) {","        // re-init local from window.local","        case 'browser':","            local = local.global.utility2.objectSetDefault(","                local.global.utility2_rollup || local.global.local,","                local.global.utility2","            );","            break;","        // re-init local from example.js","        case 'node':","            local = (local.global.utility2_rollup || require('utility2'))","                .requireExampleJsFromReadme();","            break;","        }","        // export local","        local.global.local = local;","    }());","","","","    // run shared js-env code - function","    (function () {","        return;","    }());","    switch (local.modeJs) {","","","","    // run browser js-env code - function","    case 'browser':","        break;","","","","    // run node js-env code - function","    case 'node':","        break;","    }","","","","    // run shared js-env code - post-init","    (function () {","        return;","    }());","    switch (local.modeJs) {","","","","    // run browser js-env code - post-init","    case 'browser':","        local.testCase_browser_nullCase = local.testCase_browser_nullCase || function (","            options,","            onError","        ) {","        /*","         * this function will test browsers's null-case handling-behavior-behavior","         */","            onError(null, options);","        };","","        // run tests","        local.nop(local.modeTest &&","            document.querySelector('#testRunButton1') &&","            document.querySelector('#testRunButton1').click());","        break;","","","","    // run node js-env code - post-init","    /* istanbul ignore next */","    case 'node':","        local.testCase_buildApidoc_default = local.testCase_buildApidoc_default || function (","            options,","            onError","        ) {","        /*","         * this function will test buildApidoc's default handling-behavior-behavior","         */","            options = { modulePathList: module.paths };","            local.buildApidoc(options, onError);","        };","","        local.testCase_buildApp_default = local.testCase_buildApp_default || function (","            options,","            onError","        ) {","        /*","         * this function will test buildApp's default handling-behavior-behavior","         */","            local.testCase_buildReadme_default(options, local.onErrorThrow);","            local.testCase_buildLib_default(options, local.onErrorThrow);","            local.testCase_buildTest_default(options, local.onErrorThrow);","            local.testCase_buildCustomOrg_default(options, local.onErrorThrow);","            options = [];","            local.buildApp(options, onError);","        };","","        local.testCase_buildCustomOrg_default = local.testCase_buildCustomOrg_default ||","            function (options, onError) {","            /*","             * this function will test buildCustomOrg's default handling-behavior","             */","                options = {};","                local.buildCustomOrg(options, onError);","            };","","        local.testCase_buildLib_default = local.testCase_buildLib_default || function (","            options,","            onError","        ) {","        /*","         * this function will test buildLib's default handling-behavior","         */","            options = {};","            local.buildLib(options, onError);","        };","","        local.testCase_buildReadme_default = local.testCase_buildReadme_default || function (","            options,","            onError","        ) {","        /*","         * this function will test buildReadme's default handling-behavior-behavior","         */","            options = {};","            local.buildReadme(options, onError);","        };","","        local.testCase_buildTest_default = local.testCase_buildTest_default || function (","            options,","            onError","        ) {","        /*","         * this function will test buildTest's default handling-behavior","         */","            options = {};","            local.buildTest(options, onError);","        };","","        local.testCase_webpage_default = local.testCase_webpage_default || function (","            options,","            onError","        ) {","        /*","         * this function will test webpage's default handling-behavior","         */","            options = { modeCoverageMerge: true, url: local.serverLocalHost + '?modeTest=1' };","            local.browserTest(options, onError);","        };","","        // run test-server","        local.testRunServer(local);","        break;","    }","}());",""],"l":{"12":2,"14":2,"19":2,"21":2,"23":2,"24":2,"25":2,"30":1,"37":2,"40":2,"43":1,"47":1,"50":1,"52":1,"55":2,"61":2,"62":2,"64":2,"70":1,"76":1,"82":2,"83":2,"85":2,"91":1,"98":1,"102":1,"105":1,"112":1,"119":1,"120":1,"123":1,"130":1,"131":1,"132":1,"133":1,"134":1,"135":1,"138":1,"143":2,"144":2,"147":1,"154":2,"155":2,"158":1,"165":2,"166":2,"169":1,"176":2,"177":2,"180":1,"187":1,"188":1,"192":1,"193":1}},"/home/travis/build/npmtest/node-npmtest-angular-timer/lib.npmtest_angular_timer.js":{"path":"/home/travis/build/npmtest/node-npmtest-angular-timer/lib.npmtest_angular_timer.js","s":{"1":2,"2":2,"3":2,"4":2,"5":2,"6":2,"7":2,"8":1,"9":2,"10":2,"11":2,"12":2,"13":1,"14":1,"15":1,"16":1},"b":{"1":[2,1,1,1],"2":[1,1,1,1],"3":[1,1],"4":[2,2],"5":[1,1]},"f":{"1":2,"2":2,"3":2},"fnMap":{"1":{"name":"(anonymous_1)","line":12,"loc":{"start":{"line":12,"column":1},"end":{"line":12,"column":13}}},"2":{"name":"(anonymous_2)","line":19,"loc":{"start":{"line":19,"column":5},"end":{"line":19,"column":17}}},"3":{"name":"(anonymous_3)","line":23,"loc":{"start":{"line":23,"column":24},"end":{"line":23,"column":36}}}},"statementMap":{"1":{"start":{"line":12,"column":0},"end":{"line":53,"column":5}},"2":{"start":{"line":14,"column":4},"end":{"line":14,"column":14}},"3":{"start":{"line":19,"column":4},"end":{"line":52,"column":9}},"4":{"start":{"line":21,"column":8},"end":{"line":21,"column":19}},"5":{"start":{"line":23,"column":8},"end":{"line":35,"column":13}},"6":{"start":{"line":24,"column":12},"end":{"line":34,"column":13}},"7":{"start":{"line":25,"column":16},"end":{"line":28,"column":30}},"8":{"start":{"line":30,"column":16},"end":{"line":33,"column":27}},"9":{"start":{"line":37,"column":8},"end":{"line":39,"column":21}},"10":{"start":{"line":41,"column":8},"end":{"line":41,"column":54}},"11":{"start":{"line":43,"column":8},"end":{"line":43,"column":58}},"12":{"start":{"line":45,"column":8},"end":{"line":51,"column":9}},"13":{"start":{"line":46,"column":12},"end":{"line":46,"column":64}},"14":{"start":{"line":48,"column":12},"end":{"line":48,"column":35}},"15":{"start":{"line":49,"column":12},"end":{"line":49,"column":49}},"16":{"start":{"line":50,"column":12},"end":{"line":50,"column":43}}},"branchMap":{"1":{"line":25,"type":"binary-expr","locations":[{"start":{"line":25,"column":23},"end":{"line":25,"column":62}},{"start":{"line":26,"column":20},"end":{"line":26,"column":70}},{"start":{"line":27,"column":20},"end":{"line":27,"column":71}},{"start":{"line":28,"column":20},"end":{"line":28,"column":29}}]},"2":{"line":30,"type":"binary-expr","locations":[{"start":{"line":30,"column":23},"end":{"line":30,"column":37}},{"start":{"line":31,"column":20},"end":{"line":31,"column":61}},{"start":{"line":32,"column":20},"end":{"line":32,"column":70}},{"start":{"line":33,"column":20},"end":{"line":33,"column":26}}]},"3":{"line":37,"type":"cond-expr","locations":[{"start":{"line":38,"column":14},"end":{"line":38,"column":20}},{"start":{"line":39,"column":14},"end":{"line":39,"column":20}}]},"4":{"line":41,"type":"binary-expr","locations":[{"start":{"line":41,"column":16},"end":{"line":41,"column":44}},{"start":{"line":41,"column":48},"end":{"line":41,"column":53}}]},"5":{"line":45,"type":"if","locations":[{"start":{"line":45,"column":8},"end":{"line":45,"column":8}},{"start":{"line":45,"column":8},"end":{"line":45,"column":8}}]}},"code":["/* istanbul instrument in package npmtest_angular_timer */","/*jslint","    bitwise: true,","    browser: true,","    maxerr: 8,","    maxlen: 96,","    node: true,","    nomen: true,","    regexp: true,","    stupid: true","*/","(function () {","    'use strict';","    var local;","","","","    // run shared js-env code - pre-init","    (function () {","        // init local","        local = {};","        // init modeJs","        local.modeJs = (function () {","            try {","                return typeof navigator.userAgent === 'string' &&","                    typeof document.querySelector('body') === 'object' &&","                    typeof XMLHttpRequest.prototype.open === 'function' &&","                    'browser';","            } catch (errorCaughtBrowser) {","                return module.exports &&","                    typeof process.versions.node === 'string' &&","                    typeof require('http').createServer === 'function' &&","                    'node';","            }","        }());","        // init global","        local.global = local.modeJs === 'browser'","            ? window","            : global;","        // init utility2_rollup","        local = local.global.utility2_rollup || local;","        // init lib","        local.local = local.npmtest_angular_timer = local;","        // init exports","        if (local.modeJs === 'browser') {","            local.global.utility2_npmtest_angular_timer = local;","        } else {","            module.exports = local;","            module.exports.__dirname = __dirname;","            module.exports.module = module;","        }","    }());","}());",""],"l":{"12":2,"14":2,"19":2,"21":2,"23":2,"24":2,"25":2,"30":1,"37":2,"41":2,"43":2,"45":2,"46":1,"48":1,"49":1,"50":1}},"/home/travis/build/npmtest/node-npmtest-angular-timer/example.js":{"path":"/home/travis/build/npmtest/node-npmtest-angular-timer/example.js","s":{"1":2,"2":2,"3":2,"4":2,"5":2,"6":2,"7":2,"8":1,"9":2,"10":2,"11":2,"12":2,"13":1,"14":2,"15":2,"16":2,"17":2,"18":2,"19":0,"20":2,"21":1,"22":1,"23":1,"24":1,"25":1,"26":0,"27":0,"28":1,"29":1,"30":2,"31":0,"32":0,"33":0,"34":1,"35":2,"36":2,"37":3,"38":3,"39":3,"40":3,"41":0,"42":3,"43":3,"44":3,"45":1,"46":3,"47":1,"48":1,"49":1,"50":1,"51":1,"52":1,"53":1,"54":1,"55":1,"56":1,"57":0,"58":1,"59":6,"60":6,"61":1,"62":2,"63":0,"64":2,"65":1,"66":1,"67":0,"68":0,"69":0,"70":0,"71":0,"72":0,"73":0,"74":0,"75":0,"76":0,"77":0,"78":0,"79":0,"80":0,"81":0,"82":0,"83":0},"b":{"1":[2,1,1,1],"2":[1,1,1,1],"3":[1,1],"4":[2,2],"5":[1,1],"6":[1,1],"7":[2,0],"8":[2,1,1,1,1,1],"9":[0,2,0],"10":[1,1],"11":[2,1,1],"12":[1,0],"13":[0,2],"14":[2,0,0,0,0,0,0],"15":[0,3],"16":[3,0],"17":[1,1],"18":[0,1],"19":[1,2,0,2],"20":[1,0],"21":[1,1],"22":[0,0],"23":[0,0],"24":[0,0],"25":[0,0],"26":[0,0],"27":[0,0],"28":[0,0]},"f":{"1":2,"2":2,"3":2,"4":2,"5":2,"6":2,"7":3,"8":3,"9":3,"10":1,"11":6,"12":0},"fnMap":{"1":{"name":"(anonymous_1)","line":26,"loc":{"start":{"line":26,"column":1},"end":{"line":26,"column":13}}},"2":{"name":"(anonymous_2)","line":33,"loc":{"start":{"line":33,"column":5},"end":{"line":33,"column":17}}},"3":{"name":"(anonymous_3)","line":37,"loc":{"start":{"line":37,"column":24},"end":{"line":37,"column":36}}},"4":{"name":"(anonymous_4)","line":69,"loc":{"start":{"line":69,"column":31},"end":{"line":69,"column":48}},"skip":true},"5":{"name":"(anonymous_5)","line":78,"loc":{"start":{"line":78,"column":26},"end":{"line":78,"column":45}},"skip":true},"6":{"name":"(anonymous_6)","line":123,"loc":{"start":{"line":123,"column":33},"end":{"line":123,"column":48}},"skip":true},"7":{"name":"(anonymous_7)","line":125,"loc":{"start":{"line":125,"column":27},"end":{"line":125,"column":39}},"skip":true},"8":{"name":"(anonymous_8)","line":133,"loc":{"start":{"line":133,"column":59},"end":{"line":133,"column":74}},"skip":true},"9":{"name":"(anonymous_9)","line":143,"loc":{"start":{"line":143,"column":45},"end":{"line":143,"column":62}},"skip":true},"10":{"name":"(anonymous_10)","line":144,"loc":{"start":{"line":144,"column":73},"end":{"line":144,"column":92}},"skip":true},"11":{"name":"(anonymous_11)","line":272,"loc":{"start":{"line":272,"column":51},"end":{"line":272,"column":77}},"skip":true},"12":{"name":"(anonymous_12)","line":315,"loc":{"start":{"line":315,"column":32},"end":{"line":315,"column":61}},"skip":true}},"statementMap":{"1":{"start":{"line":26,"column":0},"end":{"line":326,"column":5}},"2":{"start":{"line":28,"column":4},"end":{"line":28,"column":14}},"3":{"start":{"line":33,"column":4},"end":{"line":60,"column":9}},"4":{"start":{"line":35,"column":8},"end":{"line":35,"column":19}},"5":{"start":{"line":37,"column":8},"end":{"line":49,"column":13}},"6":{"start":{"line":38,"column":12},"end":{"line":48,"column":13}},"7":{"start":{"line":39,"column":16},"end":{"line":42,"column":30}},"8":{"start":{"line":44,"column":16},"end":{"line":47,"column":27}},"9":{"start":{"line":51,"column":8},"end":{"line":53,"column":21}},"10":{"start":{"line":55,"column":8},"end":{"line":57,"column":45}},"11":{"start":{"line":59,"column":8},"end":{"line":59,"column":35}},"12":{"start":{"line":61,"column":4},"end":{"line":325,"column":5}},"13":{"start":{"line":69,"column":8},"end":{"line":121,"column":10},"skip":true},"14":{"start":{"line":70,"column":12},"end":{"line":88,"column":13},"skip":true},"15":{"start":{"line":76,"column":16},"end":{"line":87,"column":19},"skip":true},"16":{"start":{"line":79,"column":20},"end":{"line":86,"column":21},"skip":true},"17":{"start":{"line":82,"column":24},"end":{"line":82,"column":43},"skip":true},"18":{"start":{"line":83,"column":24},"end":{"line":83,"column":30},"skip":true},"19":{"start":{"line":85,"column":24},"end":{"line":85,"column":49},"skip":true},"20":{"start":{"line":89,"column":12},"end":{"line":107,"column":13},"skip":true},"21":{"start":{"line":92,"column":16},"end":{"line":102,"column":17},"skip":true},"22":{"start":{"line":93,"column":20},"end":{"line":93,"column":86},"skip":true},"23":{"start":{"line":94,"column":20},"end":{"line":95,"column":45},"skip":true},"24":{"start":{"line":96,"column":20},"end":{"line":96,"column":42},"skip":true},"25":{"start":{"line":97,"column":20},"end":{"line":97,"column":48},"skip":true},"26":{"start":{"line":100,"column":20},"end":{"line":100,"column":85},"skip":true},"27":{"start":{"line":101,"column":20},"end":{"line":101,"column":96},"skip":true},"28":{"start":{"line":103,"column":16},"end":{"line":103,"column":22},"skip":true},"29":{"start":{"line":106,"column":16},"end":{"line":106,"column":22},"skip":true},"30":{"start":{"line":108,"column":12},"end":{"line":120,"column":13},"skip":true},"31":{"start":{"line":114,"column":16},"end":{"line":119,"column":17},"skip":true},"32":{"start":{"line":116,"column":20},"end":{"line":116,"column":78},"skip":true},"33":{"start":{"line":118,"column":20},"end":{"line":118,"column":47},"skip":true},"34":{"start":{"line":123,"column":8},"end":{"line":141,"column":11},"skip":true},"35":{"start":{"line":124,"column":12},"end":{"line":124,"column":54},"skip":true},"36":{"start":{"line":125,"column":12},"end":{"line":140,"column":14},"skip":true},"37":{"start":{"line":126,"column":16},"end":{"line":126,"column":28},"skip":true},"38":{"start":{"line":127,"column":16},"end":{"line":127,"column":69},"skip":true},"39":{"start":{"line":128,"column":16},"end":{"line":128,"column":75},"skip":true},"40":{"start":{"line":129,"column":16},"end":{"line":131,"column":17},"skip":true},"41":{"start":{"line":130,"column":20},"end":{"line":130,"column":27},"skip":true},"42":{"start":{"line":133,"column":16},"end":{"line":137,"column":36},"skip":true},"43":{"start":{"line":134,"column":20},"end":{"line":136,"column":55},"skip":true},"44":{"start":{"line":139,"column":16},"end":{"line":139,"column":57},"skip":true},"45":{"start":{"line":143,"column":8},"end":{"line":147,"column":11},"skip":true},"46":{"start":{"line":144,"column":12},"end":{"line":146,"column":15},"skip":true},"47":{"start":{"line":145,"column":16},"end":{"line":145,"column":70},"skip":true},"48":{"start":{"line":149,"column":8},"end":{"line":149,"column":31},"skip":true},"49":{"start":{"line":150,"column":8},"end":{"line":150,"column":14},"skip":true},"50":{"start":{"line":158,"column":8},"end":{"line":158,"column":31},"skip":true},"51":{"start":{"line":160,"column":8},"end":{"line":160,"column":33},"skip":true},"52":{"start":{"line":161,"column":8},"end":{"line":161,"column":37},"skip":true},"53":{"start":{"line":162,"column":8},"end":{"line":162,"column":35},"skip":true},"54":{"start":{"line":164,"column":8},"end":{"line":164,"column":50},"skip":true},"55":{"start":{"line":166,"column":8},"end":{"line":256,"column":2},"skip":true},"56":{"start":{"line":258,"column":8},"end":{"line":286,"column":9},"skip":true},"57":{"start":{"line":259,"column":12},"end":{"line":269,"column":14},"skip":true},"58":{"start":{"line":271,"column":12},"end":{"line":285,"column":19},"skip":true},"59":{"start":{"line":274,"column":20},"end":{"line":274,"column":35},"skip":true},"60":{"start":{"line":275,"column":20},"end":{"line":284,"column":21},"skip":true},"61":{"start":{"line":277,"column":24},"end":{"line":277,"column":64},"skip":true},"62":{"start":{"line":279,"column":24},"end":{"line":279,"column":40},"skip":true},"63":{"start":{"line":281,"column":24},"end":{"line":281,"column":40},"skip":true},"64":{"start":{"line":283,"column":24},"end":{"line":283,"column":39},"skip":true},"65":{"start":{"line":288,"column":8},"end":{"line":290,"column":9},"skip":true},"66":{"start":{"line":289,"column":12},"end":{"line":289,"column":18},"skip":true},"67":{"start":{"line":291,"column":8},"end":{"line":293,"column":54},"skip":true},"68":{"start":{"line":296,"column":8},"end":{"line":301,"column":37},"skip":true},"69":{"start":{"line":303,"column":8},"end":{"line":303,"column":82},"skip":true},"70":{"start":{"line":306,"column":8},"end":{"line":308,"column":9},"skip":true},"71":{"start":{"line":307,"column":12},"end":{"line":307,"column":82},"skip":true},"72":{"start":{"line":310,"column":8},"end":{"line":312,"column":9},"skip":true},"73":{"start":{"line":311,"column":12},"end":{"line":311,"column":18},"skip":true},"74":{"start":{"line":313,"column":8},"end":{"line":313,"column":54},"skip":true},"75":{"start":{"line":314,"column":8},"end":{"line":314,"column":69},"skip":true},"76":{"start":{"line":315,"column":8},"end":{"line":323,"column":36},"skip":true},"77":{"start":{"line":316,"column":12},"end":{"line":316,"column":61},"skip":true},"78":{"start":{"line":317,"column":12},"end":{"line":320,"column":13},"skip":true},"79":{"start":{"line":318,"column":16},"end":{"line":318,"column":75},"skip":true},"80":{"start":{"line":319,"column":16},"end":{"line":319,"column":23},"skip":true},"81":{"start":{"line":321,"column":12},"end":{"line":321,"column":38},"skip":true},"82":{"start":{"line":322,"column":12},"end":{"line":322,"column":27},"skip":true},"83":{"start":{"line":324,"column":8},"end":{"line":324,"column":14},"skip":true}},"branchMap":{"1":{"line":39,"type":"binary-expr","locations":[{"start":{"line":39,"column":23},"end":{"line":39,"column":62}},{"start":{"line":40,"column":20},"end":{"line":40,"column":70}},{"start":{"line":41,"column":20},"end":{"line":41,"column":71}},{"start":{"line":42,"column":20},"end":{"line":42,"column":29}}]},"2":{"line":44,"type":"binary-expr","locations":[{"start":{"line":44,"column":23},"end":{"line":44,"column":37}},{"start":{"line":45,"column":20},"end":{"line":45,"column":61}},{"start":{"line":46,"column":20},"end":{"line":46,"column":70}},{"start":{"line":47,"column":20},"end":{"line":47,"column":26}}]},"3":{"line":51,"type":"cond-expr","locations":[{"start":{"line":52,"column":14},"end":{"line":52,"column":20}},{"start":{"line":53,"column":14},"end":{"line":53,"column":20}}]},"4":{"line":55,"type":"binary-expr","locations":[{"start":{"line":55,"column":16},"end":{"line":55,"column":44}},{"start":{"line":55,"column":49},"end":{"line":57,"column":43}}]},"5":{"line":55,"type":"cond-expr","locations":[{"start":{"line":56,"column":14},"end":{"line":56,"column":57}},{"start":{"line":57,"column":14},"end":{"line":57,"column":43}}]},"6":{"line":61,"type":"switch","locations":[{"start":{"line":68,"column":4},"end":{"line":150,"column":14},"skip":true},{"start":{"line":156,"column":4},"end":{"line":324,"column":14},"skip":true}]},"7":{"line":70,"type":"if","locations":[{"start":{"line":70,"column":12},"end":{"line":70,"column":12},"skip":true},{"start":{"line":70,"column":12},"end":{"line":70,"column":12},"skip":true}]},"8":{"line":70,"type":"binary-expr","locations":[{"start":{"line":70,"column":16},"end":{"line":70,"column":22},"skip":true},{"start":{"line":70,"column":27},"end":{"line":70,"column":32},"skip":true},{"start":{"line":71,"column":20},"end":{"line":71,"column":39},"skip":true},{"start":{"line":72,"column":20},"end":{"line":72,"column":49},"skip":true},{"start":{"line":73,"column":20},"end":{"line":73,"column":58},"skip":true},{"start":{"line":74,"column":20},"end":{"line":74,"column":69},"skip":true}]},"9":{"line":79,"type":"switch","locations":[{"start":{"line":80,"column":20},"end":{"line":80,"column":33},"skip":true},{"start":{"line":81,"column":20},"end":{"line":83,"column":30},"skip":true},{"start":{"line":84,"column":20},"end":{"line":85,"column":49},"skip":true}]},"10":{"line":89,"type":"switch","locations":[{"start":{"line":90,"column":12},"end":{"line":103,"column":22},"skip":true},{"start":{"line":105,"column":12},"end":{"line":106,"column":22},"skip":true}]},"11":{"line":89,"type":"binary-expr","locations":[{"start":{"line":89,"column":20},"end":{"line":89,"column":25},"skip":true},{"start":{"line":89,"column":29},"end":{"line":89,"column":48},"skip":true},{"start":{"line":89,"column":52},"end":{"line":89,"column":74},"skip":true}]},"12":{"line":92,"type":"if","locations":[{"start":{"line":92,"column":16},"end":{"line":92,"column":16},"skip":true},{"start":{"line":92,"column":16},"end":{"line":92,"column":16},"skip":true}]},"13":{"line":108,"type":"if","locations":[{"start":{"line":108,"column":12},"end":{"line":108,"column":12},"skip":true},{"start":{"line":108,"column":12},"end":{"line":108,"column":12},"skip":true}]},"14":{"line":108,"type":"binary-expr","locations":[{"start":{"line":108,"column":16},"end":{"line":108,"column":61},"skip":true},{"start":{"line":108,"column":66},"end":{"line":108,"column":72},"skip":true},{"start":{"line":108,"column":77},"end":{"line":108,"column":82},"skip":true},{"start":{"line":109,"column":20},"end":{"line":109,"column":39},"skip":true},{"start":{"line":110,"column":20},"end":{"line":110,"column":49},"skip":true},{"start":{"line":111,"column":20},"end":{"line":111,"column":58},"skip":true},{"start":{"line":112,"column":20},"end":{"line":112,"column":68},"skip":true}]},"15":{"line":129,"type":"if","locations":[{"start":{"line":129,"column":16},"end":{"line":129,"column":16},"skip":true},{"start":{"line":129,"column":16},"end":{"line":129,"column":16},"skip":true}]},"16":{"line":134,"type":"cond-expr","locations":[{"start":{"line":135,"column":26},"end":{"line":135,"column":29},"skip":true},{"start":{"line":136,"column":26},"end":{"line":136,"column":54},"skip":true}]},"17":{"line":164,"type":"binary-expr","locations":[{"start":{"line":164,"column":27},"end":{"line":164,"column":43},"skip":true},{"start":{"line":164,"column":47},"end":{"line":164,"column":49},"skip":true}]},"18":{"line":258,"type":"if","locations":[{"start":{"line":258,"column":8},"end":{"line":258,"column":8},"skip":true},{"start":{"line":258,"column":8},"end":{"line":258,"column":8},"skip":true}]},"19":{"line":275,"type":"switch","locations":[{"start":{"line":276,"column":20},"end":{"line":277,"column":64},"skip":true},{"start":{"line":278,"column":20},"end":{"line":279,"column":40},"skip":true},{"start":{"line":280,"column":20},"end":{"line":281,"column":40},"skip":true},{"start":{"line":282,"column":20},"end":{"line":283,"column":39},"skip":true}]},"20":{"line":288,"type":"if","locations":[{"start":{"line":288,"column":8},"end":{"line":288,"column":8},"skip":true},{"start":{"line":288,"column":8},"end":{"line":288,"column":8},"skip":true}]},"21":{"line":288,"type":"binary-expr","locations":[{"start":{"line":288,"column":12},"end":{"line":288,"column":40},"skip":true},{"start":{"line":288,"column":44},"end":{"line":288,"column":67},"skip":true}]},"22":{"line":292,"type":"binary-expr","locations":[{"start":{"line":292,"column":12},"end":{"line":292,"column":50},"skip":true},{"start":{"line":293,"column":12},"end":{"line":293,"column":53},"skip":true}]},"23":{"line":297,"type":"binary-expr","locations":[{"start":{"line":297,"column":12},"end":{"line":297,"column":71},"skip":true},{"start":{"line":298,"column":12},"end":{"line":301,"column":36},"skip":true}]},"24":{"line":303,"type":"binary-expr","locations":[{"start":{"line":303,"column":43},"end":{"line":303,"column":75},"skip":true},{"start":{"line":303,"column":79},"end":{"line":303,"column":81},"skip":true}]},"25":{"line":306,"type":"if","locations":[{"start":{"line":306,"column":8},"end":{"line":306,"column":8},"skip":true},{"start":{"line":306,"column":8},"end":{"line":306,"column":8},"skip":true}]},"26":{"line":310,"type":"if","locations":[{"start":{"line":310,"column":8},"end":{"line":310,"column":8},"skip":true},{"start":{"line":310,"column":8},"end":{"line":310,"column":8},"skip":true}]},"27":{"line":313,"type":"binary-expr","locations":[{"start":{"line":313,"column":27},"end":{"line":313,"column":43},"skip":true},{"start":{"line":313,"column":47},"end":{"line":313,"column":53},"skip":true}]},"28":{"line":317,"type":"if","locations":[{"start":{"line":317,"column":12},"end":{"line":317,"column":12},"skip":true},{"start":{"line":317,"column":12},"end":{"line":317,"column":12},"skip":true}]}},"code":["/*","example.js","","quickstart example","","instruction","    1. save this script as example.js","    2. run the shell command:","        $ npm install npmtest-angular-timer && PORT=8081 node example.js","    3. play with the browser-demo on http://127.0.0.1:8081","*/","","","","/* istanbul instrument in package npmtest_angular_timer */","/*jslint","    bitwise: true,","    browser: true,","    maxerr: 8,","    maxlen: 96,","    node: true,","    nomen: true,","    regexp: true,","    stupid: true","*/","(function () {","    'use strict';","    var local;","","","","    // run shared js-env code - pre-init","    (function () {","        // init local","        local = {};","        // init modeJs","        local.modeJs = (function () {","            try {","                return typeof navigator.userAgent === 'string' &&","                    typeof document.querySelector('body') === 'object' &&","                    typeof XMLHttpRequest.prototype.open === 'function' &&","                    'browser';","            } catch (errorCaughtBrowser) {","                return module.exports &&","                    typeof process.versions.node === 'string' &&","                    typeof require('http').createServer === 'function' &&","                    'node';","            }","        }());","        // init global","        local.global = local.modeJs === 'browser'","            ? window","            : global;","        // init utility2_rollup","        local = local.global.utility2_rollup || (local.modeJs === 'browser'","            ? local.global.utility2_npmtest_angular_timer","            : global.utility2_moduleExports);","        // export local","        local.global.local = local;","    }());","    switch (local.modeJs) {","","","","    // post-init","    // run browser js-env code - post-init","    /* istanbul ignore next */","    case 'browser':","        local.testRunBrowser = function (event) {","            if (!event || (event &&","                    event.currentTarget &&","                    event.currentTarget.className &&","                    event.currentTarget.className.includes &&","                    event.currentTarget.className.includes('onreset'))) {","                // reset output","                Array.from(","                    document.querySelectorAll('body > .resettable')","                ).forEach(function (element) {","                    switch (element.tagName) {","                    case 'INPUT':","                    case 'TEXTAREA':","                        element.value = '';","                        break;","                    default:","                        element.textContent = '';","                    }","                });","            }","            switch (event && event.currentTarget && event.currentTarget.id) {","            case 'testRunButton1':","                // show tests","                if (document.querySelector('#testReportDiv1').style.display === 'none') {","                    document.querySelector('#testReportDiv1').style.display = 'block';","                    document.querySelector('#testRunButton1').textContent =","                        'hide internal test';","                    local.modeTest = true;","                    local.testRunDefault(local);","                // hide tests","                } else {","                    document.querySelector('#testReportDiv1').style.display = 'none';","                    document.querySelector('#testRunButton1').textContent = 'run internal test';","                }","                break;","            // custom-case","            default:","                break;","            }","            if (document.querySelector('#inputTextareaEval1') && (!event || (event &&","                    event.currentTarget &&","                    event.currentTarget.className &&","                    event.currentTarget.className.includes &&","                    event.currentTarget.className.includes('oneval')))) {","                // try to eval input-code","                try {","                    /*jslint evil: true*/","                    eval(document.querySelector('#inputTextareaEval1').value);","                } catch (errorCaught) {","                    console.error(errorCaught);","                }","            }","        };","        // log stderr and stdout to #outputTextareaStdout1","        ['error', 'log'].forEach(function (key) {","            console[key + '_original'] = console[key];","            console[key] = function () {","                var element;","                console[key + '_original'].apply(console, arguments);","                element = document.querySelector('#outputTextareaStdout1');","                if (!element) {","                    return;","                }","                // append text to #outputTextareaStdout1","                element.value += Array.from(arguments).map(function (arg) {","                    return typeof arg === 'string'","                        ? arg","                        : JSON.stringify(arg, null, 4);","                }).join(' ') + '\\n';","                // scroll textarea to bottom","                element.scrollTop = element.scrollHeight;","            };","        });","        // init event-handling","        ['change', 'click', 'keyup'].forEach(function (event) {","            Array.from(document.querySelectorAll('.on' + event)).forEach(function (element) {","                element.addEventListener(event, local.testRunBrowser);","            });","        });","        // run tests","        local.testRunBrowser();","        break;","","","","    // run node js-env code - post-init","    /* istanbul ignore next */","    case 'node':","        // export local","        module.exports = local;","        // require modules","        local.fs = require('fs');","        local.http = require('http');","        local.url = require('url');","        // init assets","        local.assetsDict = local.assetsDict || {};","        /* jslint-ignore-begin */","        local.assetsDict['/assets.index.template.html'] = '\\","<!doctype html>\\n\\","<html lang=\"en\">\\n\\","<head>\\n\\","<meta charset=\"UTF-8\">\\n\\","<meta name=\"viewport\" content=\"width=device-width, initial-scale=1\">\\n\\","<title>{{env.npm_package_name}} (v{{env.npm_package_version}})</title>\\n\\","<style>\\n\\","/*csslint\\n\\","    box-sizing: false,\\n\\","    universal-selector: false\\n\\","*/\\n\\","* {\\n\\","    box-sizing: border-box;\\n\\","}\\n\\","body {\\n\\","    background: #dde;\\n\\","    font-family: Arial, Helvetica, sans-serif;\\n\\","    margin: 2rem;\\n\\","}\\n\\","body > * {\\n\\","    margin-bottom: 1rem;\\n\\","}\\n\\",".utility2FooterDiv {\\n\\","    margin-top: 20px;\\n\\","    text-align: center;\\n\\","}\\n\\","</style>\\n\\","<style>\\n\\","/*csslint\\n\\","*/\\n\\","textarea {\\n\\","    font-family: monospace;\\n\\","    height: 10rem;\\n\\","    width: 100%;\\n\\","}\\n\\","textarea[readonly] {\\n\\","    background: #ddd;\\n\\","}\\n\\","</style>\\n\\","</head>\\n\\","<body>\\n\\","<!-- utility2-comment\\n\\","<div id=\"ajaxProgressDiv1\" style=\"background: #d00; height: 2px; left: 0; margin: 0; padding: 0; position: fixed; top: 0; transition: background 0.5s, width 1.5s; width: 25%;\"></div>\\n\\","utility2-comment -->\\n\\","<h1>\\n\\","<!-- utility2-comment\\n\\","    <a\\n\\","        {{#if env.npm_package_homepage}}\\n\\","        href=\"{{env.npm_package_homepage}}\"\\n\\","        {{/if env.npm_package_homepage}}\\n\\","        target=\"_blank\"\\n\\","    >\\n\\","utility2-comment -->\\n\\","        {{env.npm_package_name}} (v{{env.npm_package_version}})\\n\\","<!-- utility2-comment\\n\\","    </a>\\n\\","utility2-comment -->\\n\\","</h1>\\n\\","<h3>{{env.npm_package_description}}</h3>\\n\\","<!-- utility2-comment\\n\\","<h4><a download href=\"assets.app.js\">download standalone app</a></h4>\\n\\","<button class=\"onclick onreset\" id=\"testRunButton1\">run internal test</button><br>\\n\\","<div id=\"testReportDiv1\" style=\"display: none;\"></div>\\n\\","utility2-comment -->\\n\\","\\n\\","\\n\\","\\n\\","<label>stderr and stdout</label>\\n\\","<textarea class=\"resettable\" id=\"outputTextareaStdout1\" readonly></textarea>\\n\\","<!-- utility2-comment\\n\\","{{#if isRollup}}\\n\\","<script src=\"assets.app.js\"></script>\\n\\","{{#unless isRollup}}\\n\\","utility2-comment -->\\n\\","<script src=\"assets.utility2.rollup.js\"></script>\\n\\","<script src=\"jsonp.utility2._stateInit?callback=window.utility2._stateInit\"></script>\\n\\","<script src=\"assets.npmtest_angular_timer.rollup.js\"></script>\\n\\","<script src=\"assets.example.js\"></script>\\n\\","<script src=\"assets.test.js\"></script>\\n\\","<!-- utility2-comment\\n\\","{{/if isRollup}}\\n\\","utility2-comment -->\\n\\","<div class=\"utility2FooterDiv\">\\n\\","    [ this app was created with\\n\\","    <a href=\"https://github.com/kaizhu256/node-utility2\" target=\"_blank\">utility2</a>\\n\\","    ]\\n\\","</div>\\n\\","</body>\\n\\","</html>\\n\\","';","        /* jslint-ignore-end */","        if (local.templateRender) {","            local.assetsDict['/'] = local.templateRender(","                local.assetsDict['/assets.index.template.html'],","                {","                    env: local.objectSetDefault(local.env, {","                        npm_package_description: 'the greatest app in the world!',","                        npm_package_name: 'my-app',","                        npm_package_nameAlias: 'my_app',","                        npm_package_version: '0.0.1'","                    })","                }","            );","        } else {","            local.assetsDict['/'] = local.assetsDict['/assets.index.template.html']","                .replace((/\\{\\{env\\.(\\w+?)\\}\\}/g), function (match0, match1) {","                    // jslint-hack","                    String(match0);","                    switch (match1) {","                    case 'npm_package_description':","                        return 'the greatest app in the world!';","                    case 'npm_package_name':","                        return 'my-app';","                    case 'npm_package_nameAlias':","                        return 'my_app';","                    case 'npm_package_version':","                        return '0.0.1';","                    }","                });","        }","        // run the cli","        if (local.global.utility2_rollup || module !== require.main) {","            break;","        }","        local.assetsDict['/assets.example.js'] =","            local.assetsDict['/assets.example.js'] ||","            local.fs.readFileSync(__filename, 'utf8');","        // bug-workaround - long $npm_package_buildCustomOrg","        /* jslint-ignore-begin */","        local.assetsDict['/assets.npmtest_angular_timer.rollup.js'] =","            local.assetsDict['/assets.npmtest_angular_timer.rollup.js'] ||","            local.fs.readFileSync(","                local.npmtest_angular_timer.__dirname + '/lib.npmtest_angular_timer.js',","                'utf8'","            ).replace((/^#!/), '//');","        /* jslint-ignore-end */","        local.assetsDict['/favicon.ico'] = local.assetsDict['/favicon.ico'] || '';","        // if $npm_config_timeout_exit exists,","        // then exit this process after $npm_config_timeout_exit ms","        if (Number(process.env.npm_config_timeout_exit)) {","            setTimeout(process.exit, Number(process.env.npm_config_timeout_exit));","        }","        // start server","        if (local.global.utility2_serverHttp1) {","            break;","        }","        process.env.PORT = process.env.PORT || '8081';","        console.error('server starting on port ' + process.env.PORT);","        local.http.createServer(function (request, response) {","            request.urlParsed = local.url.parse(request.url);","            if (local.assetsDict[request.urlParsed.pathname] !== undefined) {","                response.end(local.assetsDict[request.urlParsed.pathname]);","                return;","            }","            response.statusCode = 404;","            response.end();","        }).listen(process.env.PORT);","        break;","    }","}());",""],"l":{"26":2,"28":2,"33":2,"35":2,"37":2,"38":2,"39":2,"44":1,"51":2,"55":2,"59":2,"61":2,"69":1,"70":2,"76":2,"79":2,"82":2,"83":2,"85":1,"89":2,"92":1,"93":1,"94":1,"96":1,"97":1,"100":1,"101":1,"103":1,"106":1,"108":2,"114":1,"116":1,"118":1,"123":1,"124":2,"125":2,"126":3,"127":3,"128":3,"129":3,"130":1,"133":3,"134":3,"139":3,"143":1,"144":3,"145":1,"149":1,"150":1,"158":1,"160":1,"161":1,"162":1,"164":1,"166":1,"258":1,"259":1,"271":1,"274":6,"275":6,"277":1,"279":2,"281":1,"283":2,"288":1,"289":1,"291":1,"296":1,"303":1,"306":1,"307":1,"310":1,"311":1,"313":1,"314":1,"315":1,"316":1,"317":1,"318":1,"319":1,"321":1,"322":1,"324":1}},"/home/travis/build/npmtest/node-npmtest-angular-timer/node_modules/angular-timer/dist/angular-timer.js":{"path":"/home/travis/build/npmtest/node-npmtest-angular-timer/node_modules/angular-timer/dist/angular-timer.js","s":{"1":2,"2":0,"3":0,"4":0,"5":0,"6":0,"7":0,"8":0,"9":0,"10":0,"11":0,"12":0,"13":0,"14":0,"15":0,"16":0,"17":0,"18":0,"19":0,"20":0,"21":0,"22":0,"23":0,"24":0,"25":0,"26":0,"27":0,"28":0,"29":0,"30":0,"31":0,"32":0,"33":0,"34":0,"35":0,"36":1,"37":0,"38":0,"39":0,"40":0,"41":0,"42":0,"43":0,"44":0,"45":0,"46":0,"47":0,"48":0,"49":0,"50":0,"51":0,"52":0,"53":0,"54":0,"55":0,"56":0,"57":0,"58":0,"59":0,"60":0,"61":0,"62":0,"63":0,"64":0,"65":0,"66":0,"67":0,"68":0,"69":0,"70":0,"71":0,"72":0,"73":0,"74":0,"75":0,"76":0,"77":0,"78":0,"79":0,"80":0,"81":0,"82":0,"83":1,"84":0,"85":0,"86":0,"87":0,"88":0,"89":0,"90":0,"91":0,"92":0,"93":0,"94":0,"95":0,"96":0,"97":0,"98":0,"99":0,"100":0,"101":0,"102":0,"103":0,"104":0,"105":0,"106":0,"107":0,"108":0,"109":0,"110":0,"111":0,"112":0,"113":0,"114":0,"115":0,"116":0,"117":0,"118":0,"119":0,"120":0,"121":0,"122":0,"123":0,"124":0,"125":0,"126":0,"127":0,"128":0,"129":0,"130":0,"131":0,"132":0,"133":0,"134":0,"135":0,"136":0,"137":0,"138":0,"139":0,"140":0,"141":0,"142":0,"143":0,"144":0,"145":0,"146":0,"147":0,"148":0,"149":0,"150":0,"151":0,"152":0,"153":0,"154":0,"155":0,"156":0,"157":0,"158":0,"159":0,"160":0,"161":0,"162":0,"163":0,"164":0,"165":0,"166":0,"167":0,"168":0,"169":0,"170":0,"171":0,"172":0,"173":0,"174":0,"175":0,"176":0,"177":0,"178":0,"179":0,"180":0,"181":0,"182":0,"183":0,"184":0,"185":0,"186":0,"187":0,"188":0,"189":0,"190":0,"191":0,"192":0,"193":0,"194":0,"195":0,"196":0,"197":0,"198":0,"199":0,"200":0,"201":0,"202":0,"203":0,"204":0,"205":0,"206":0,"207":0,"208":0,"209":0,"210":0,"211":0,"212":0,"213":0,"214":0,"215":0,"216":0,"217":0,"218":0,"219":0,"220":0,"221":0,"222":0,"223":0,"224":0,"225":0,"226":0,"227":0,"228":0,"229":0,"230":0,"231":0,"232":0,"233":0,"234":0,"235":0,"236":0,"237":0,"238":0,"239":0,"240":0,"241":0,"242":0,"243":0,"244":0,"245":0,"246":0,"247":0,"248":0,"249":0,"250":0,"251":0,"252":0,"253":0,"254":0,"255":0,"256":0,"257":0,"258":0,"259":0,"260":0,"261":0,"262":0,"263":0,"264":0},"b":{"1":[0,0],"2":[0,0],"3":[0,0],"4":[0,0],"5":[0,0],"6":[0,0],"7":[0,0],"8":[0,0],"9":[0,0],"10":[0,0],"11":[0,0],"12":[0,0],"13":[0,0],"14":[0,0],"15":[0,0],"16":[0,0],"17":[0,0],"18":[0,0],"19":[0,0],"20":[0,0],"21":[0,0],"22":[0,0],"23":[0,0],"24":[0,0],"25":[0,0],"26":[0,0],"27":[0,0],"28":[0,0],"29":[0,0],"30":[0,0],"31":[0,0],"32":[0,0],"33":[0,0],"34":[0,0],"35":[0,0],"36":[0,0],"37":[0,0],"38":[0,0],"39":[0,0],"40":[0,0],"41":[0,0],"42":[0,0],"43":[0,0],"44":[0,0],"45":[0,0],"46":[0,0],"47":[0,0],"48":[0,0],"49":[0,0],"50":[0,0],"51":[0,0],"52":[0,0],"53":[0,0],"54":[0,0],"55":[0,0],"56":[0,0],"57":[0,0],"58":[0,0,0],"59":[0,0],"60":[0,0,0],"61":[0,0],"62":[0,0],"63":[0,0],"64":[0,0],"65":[0,0],"66":[0,0]},"f":{"1":0,"2":0,"3":0,"4":0,"5":0,"6":0,"7":0,"8":0,"9":0,"10":0,"11":0,"12":0,"13":0,"14":0,"15":0,"16":0,"17":0,"18":0,"19":0,"20":0,"21":0,"22":0,"23":0,"24":0,"25":0,"26":0,"27":0,"28":0,"29":0,"30":0,"31":0,"32":0,"33":0,"34":0,"35":0,"36":0,"37":0,"38":0,"39":0,"40":0,"41":0,"42":0},"fnMap":{"1":{"name":"(anonymous_1)","line":9,"loc":{"start":{"line":9,"column":35},"end":{"line":9,"column":55}}},"2":{"name":"(anonymous_2)","line":36,"loc":{"start":{"line":36,"column":116},"end":{"line":36,"column":209}}},"3":{"name":"(anonymous_3)","line":41,"loc":{"start":{"line":41,"column":34},"end":{"line":41,"column":46}}},"4":{"name":"(anonymous_4)","line":56,"loc":{"start":{"line":56,"column":34},"end":{"line":56,"column":59}}},"5":{"name":"(anonymous_5)","line":82,"loc":{"start":{"line":82,"column":34},"end":{"line":82,"column":46}}},"6":{"name":"(anonymous_6)","line":86,"loc":{"start":{"line":86,"column":35},"end":{"line":86,"column":47}}},"7":{"name":"(anonymous_7)","line":90,"loc":{"start":{"line":90,"column":33},"end":{"line":90,"column":45}}},"8":{"name":"(anonymous_8)","line":94,"loc":{"start":{"line":94,"column":34},"end":{"line":94,"column":46}}},"9":{"name":"(anonymous_9)","line":98,"loc":{"start":{"line":98,"column":34},"end":{"line":98,"column":46}}},"10":{"name":"(anonymous_10)","line":102,"loc":{"start":{"line":102,"column":42},"end":{"line":102,"column":66}}},"11":{"name":"resetTimeout","line":106,"loc":{"start":{"line":106,"column":8},"end":{"line":106,"column":32}}},"12":{"name":"(anonymous_12)","line":112,"loc":{"start":{"line":112,"column":39},"end":{"line":112,"column":68}}},"13":{"name":"(anonymous_13)","line":118,"loc":{"start":{"line":118,"column":37},"end":{"line":118,"column":66}}},"14":{"name":"(anonymous_14)","line":124,"loc":{"start":{"line":124,"column":23},"end":{"line":124,"column":35}}},"15":{"name":"(anonymous_15)","line":143,"loc":{"start":{"line":143,"column":24},"end":{"line":143,"column":36}}},"16":{"name":"(anonymous_16)","line":161,"loc":{"start":{"line":161,"column":37},"end":{"line":161,"column":49}}},"17":{"name":"(anonymous_17)","line":174,"loc":{"start":{"line":174,"column":23},"end":{"line":174,"column":35}}},"18":{"name":"(anonymous_18)","line":182,"loc":{"start":{"line":182,"column":23},"end":{"line":182,"column":35}}},"19":{"name":"(anonymous_19)","line":200,"loc":{"start":{"line":200,"column":34},"end":{"line":200,"column":46}}},"20":{"name":"calculateTimeUnits","line":206,"loc":{"start":{"line":206,"column":8},"end":{"line":206,"column":38}}},"21":{"name":"(anonymous_21)","line":290,"loc":{"start":{"line":290,"column":32},"end":{"line":290,"column":56}}},"22":{"name":"(anonymous_22)","line":297,"loc":{"start":{"line":297,"column":45},"end":{"line":297,"column":72}}},"23":{"name":"(anonymous_23)","line":301,"loc":{"start":{"line":301,"column":52},"end":{"line":301,"column":83}}},"24":{"name":"tick","line":315,"loc":{"start":{"line":315,"column":19},"end":{"line":315,"column":35}}},"25":{"name":"(anonymous_25)","line":343,"loc":{"start":{"line":343,"column":40},"end":{"line":343,"column":52}}},"26":{"name":"(anonymous_26)","line":385,"loc":{"start":{"line":385,"column":30},"end":{"line":385,"column":41}}},"27":{"name":"(anonymous_27)","line":389,"loc":{"start":{"line":389,"column":29},"end":{"line":389,"column":46}}},"28":{"name":"(anonymous_28)","line":391,"loc":{"start":{"line":391,"column":36},"end":{"line":391,"column":47}}},"29":{"name":"(anonymous_29)","line":394,"loc":{"start":{"line":394,"column":36},"end":{"line":394,"column":47}}},"30":{"name":"(anonymous_30)","line":397,"loc":{"start":{"line":397,"column":34},"end":{"line":397,"column":45}}},"31":{"name":"(anonymous_31)","line":400,"loc":{"start":{"line":400,"column":28},"end":{"line":400,"column":39}}},"32":{"name":"(anonymous_32)","line":403,"loc":{"start":{"line":403,"column":27},"end":{"line":403,"column":38}}},"33":{"name":"(anonymous_33)","line":406,"loc":{"start":{"line":406,"column":29},"end":{"line":406,"column":40}}},"34":{"name":"(anonymous_34)","line":409,"loc":{"start":{"line":409,"column":29},"end":{"line":409,"column":40}}},"35":{"name":"(anonymous_35)","line":422,"loc":{"start":{"line":422,"column":35},"end":{"line":422,"column":58}}},"36":{"name":"(anonymous_36)","line":436,"loc":{"start":{"line":436,"column":27},"end":{"line":436,"column":38}}},"37":{"name":"(anonymous_37)","line":438,"loc":{"start":{"line":438,"column":22},"end":{"line":438,"column":33}}},"38":{"name":"init","line":444,"loc":{"start":{"line":444,"column":33},"end":{"line":444,"column":63}}},"39":{"name":"getTimeUnits","line":474,"loc":{"start":{"line":474,"column":41},"end":{"line":474,"column":71}}},"40":{"name":"(anonymous_40)","line":502,"loc":{"start":{"line":502,"column":34},"end":{"line":502,"column":45}}},"41":{"name":"(anonymous_41)","line":504,"loc":{"start":{"line":504,"column":27},"end":{"line":504,"column":38}}},"42":{"name":"calculateProgressBar","line":517,"loc":{"start":{"line":517,"column":54},"end":{"line":517,"column":134}}}},"statementMap":{"1":{"start":{"line":8,"column":0},"end":{"line":427,"column":5}},"2":{"start":{"line":10,"column":4},"end":{"line":383,"column":6}},"3":{"start":{"line":40,"column":8},"end":{"line":44,"column":9}},"4":{"start":{"line":41,"column":10},"end":{"line":43,"column":12}},"5":{"start":{"line":42,"column":12},"end":{"line":42,"column":50}},"6":{"start":{"line":49,"column":8},"end":{"line":49,"column":64}},"7":{"start":{"line":52,"column":8},"end":{"line":52,"column":50}},"8":{"start":{"line":53,"column":8},"end":{"line":53,"column":50}},"9":{"start":{"line":56,"column":8},"end":{"line":60,"column":11}},"10":{"start":{"line":57,"column":10},"end":{"line":59,"column":11}},"11":{"start":{"line":58,"column":12},"end":{"line":58,"column":54}},"12":{"start":{"line":63,"column":8},"end":{"line":63,"column":44}},"13":{"start":{"line":64,"column":8},"end":{"line":64,"column":59}},"14":{"start":{"line":67,"column":8},"end":{"line":67,"column":38}},"15":{"start":{"line":68,"column":8},"end":{"line":68,"column":48}},"16":{"start":{"line":70,"column":8},"end":{"line":74,"column":9}},"17":{"start":{"line":71,"column":10},"end":{"line":71,"column":133}},"18":{"start":{"line":73,"column":10},"end":{"line":73,"column":65}},"19":{"start":{"line":76,"column":8},"end":{"line":76,"column":32}},"20":{"start":{"line":77,"column":8},"end":{"line":77,"column":30}},"21":{"start":{"line":78,"column":8},"end":{"line":78,"column":32}},"22":{"start":{"line":79,"column":8},"end":{"line":79,"column":158}},"23":{"start":{"line":80,"column":8},"end":{"line":80,"column":33}},"24":{"start":{"line":82,"column":8},"end":{"line":84,"column":11}},"25":{"start":{"line":83,"column":10},"end":{"line":83,"column":25}},"26":{"start":{"line":86,"column":8},"end":{"line":88,"column":11}},"27":{"start":{"line":87,"column":10},"end":{"line":87,"column":26}},"28":{"start":{"line":90,"column":8},"end":{"line":92,"column":11}},"29":{"start":{"line":91,"column":10},"end":{"line":91,"column":24}},"30":{"start":{"line":94,"column":8},"end":{"line":96,"column":11}},"31":{"start":{"line":95,"column":10},"end":{"line":95,"column":25}},"32":{"start":{"line":98,"column":8},"end":{"line":100,"column":11}},"33":{"start":{"line":99,"column":10},"end":{"line":99,"column":25}},"34":{"start":{"line":102,"column":8},"end":{"line":104,"column":11}},"35":{"start":{"line":103,"column":10},"end":{"line":103,"column":39}},"36":{"start":{"line":106,"column":8},"end":{"line":110,"column":9}},"37":{"start":{"line":107,"column":10},"end":{"line":109,"column":11}},"38":{"start":{"line":108,"column":12},"end":{"line":108,"column":43}},"39":{"start":{"line":112,"column":8},"end":{"line":116,"column":11}},"40":{"start":{"line":113,"column":10},"end":{"line":115,"column":11}},"41":{"start":{"line":114,"column":12},"end":{"line":114,"column":27}},"42":{"start":{"line":118,"column":8},"end":{"line":122,"column":11}},"43":{"start":{"line":119,"column":10},"end":{"line":121,"column":11}},"44":{"start":{"line":120,"column":12},"end":{"line":120,"column":27}},"45":{"start":{"line":124,"column":8},"end":{"line":141,"column":10}},"46":{"start":{"line":125,"column":10},"end":{"line":125,"column":92}},"47":{"start":{"line":126,"column":10},"end":{"line":126,"column":82}},"48":{"start":{"line":127,"column":10},"end":{"line":129,"column":11}},"49":{"start":{"line":128,"column":12},"end":{"line":128,"column":161}},"50":{"start":{"line":130,"column":10},"end":{"line":130,"column":25}},"51":{"start":{"line":131,"column":10},"end":{"line":131,"column":17}},"52":{"start":{"line":132,"column":10},"end":{"line":132,"column":34}},"53":{"start":{"line":133,"column":10},"end":{"line":140,"column":13}},"54":{"start":{"line":143,"column":8},"end":{"line":159,"column":10}},"55":{"start":{"line":144,"column":10},"end":{"line":144,"column":25}},"56":{"start":{"line":145,"column":10},"end":{"line":147,"column":11}},"57":{"start":{"line":146,"column":12},"end":{"line":146,"column":34}},"58":{"start":{"line":148,"column":10},"end":{"line":148,"column":104}},"59":{"start":{"line":149,"column":10},"end":{"line":149,"column":17}},"60":{"start":{"line":150,"column":10},"end":{"line":150,"column":34}},"61":{"start":{"line":151,"column":10},"end":{"line":158,"column":13}},"62":{"start":{"line":161,"column":8},"end":{"line":172,"column":10}},"63":{"start":{"line":162,"column":10},"end":{"line":162,"column":43}},"64":{"start":{"line":163,"column":10},"end":{"line":163,"column":25}},"65":{"start":{"line":164,"column":10},"end":{"line":171,"column":13}},"66":{"start":{"line":174,"column":8},"end":{"line":180,"column":10}},"67":{"start":{"line":176,"column":10},"end":{"line":176,"column":40}},"68":{"start":{"line":177,"column":10},"end":{"line":177,"column":25}},"69":{"start":{"line":178,"column":10},"end":{"line":178,"column":34}},"70":{"start":{"line":179,"column":10},"end":{"line":179,"column":35}},"71":{"start":{"line":182,"column":8},"end":{"line":198,"column":10}},"72":{"start":{"line":183,"column":10},"end":{"line":183,"column":92}},"73":{"start":{"line":184,"column":10},"end":{"line":184,"column":82}},"74":{"start":{"line":185,"column":10},"end":{"line":185,"column":159}},"75":{"start":{"line":186,"column":10},"end":{"line":186,"column":25}},"76":{"start":{"line":187,"column":10},"end":{"line":187,"column":17}},"77":{"start":{"line":188,"column":10},"end":{"line":188,"column":35}},"78":{"start":{"line":189,"column":10},"end":{"line":189,"column":25}},"79":{"start":{"line":190,"column":10},"end":{"line":197,"column":13}},"80":{"start":{"line":200,"column":8},"end":{"line":203,"column":11}},"81":{"start":{"line":201,"column":10},"end":{"line":201,"column":25}},"82":{"start":{"line":202,"column":10},"end":{"line":202,"column":35}},"83":{"start":{"line":206,"column":8},"end":{"line":284,"column":9}},"84":{"start":{"line":207,"column":10},"end":{"line":207,"column":29}},"85":{"start":{"line":209,"column":10},"end":{"line":211,"column":11}},"86":{"start":{"line":210,"column":12},"end":{"line":210,"column":72}},"87":{"start":{"line":213,"column":10},"end":{"line":213,"column":62}},"88":{"start":{"line":216,"column":10},"end":{"line":258,"column":11}},"89":{"start":{"line":217,"column":12},"end":{"line":217,"column":69}},"90":{"start":{"line":218,"column":12},"end":{"line":218,"column":74}},"91":{"start":{"line":219,"column":12},"end":{"line":219,"column":74}},"92":{"start":{"line":220,"column":12},"end":{"line":220,"column":73}},"93":{"start":{"line":221,"column":12},"end":{"line":221,"column":30}},"94":{"start":{"line":222,"column":12},"end":{"line":222,"column":29}},"95":{"start":{"line":223,"column":17},"end":{"line":258,"column":11}},"96":{"start":{"line":224,"column":12},"end":{"line":224,"column":62}},"97":{"start":{"line":225,"column":12},"end":{"line":225,"column":31}},"98":{"start":{"line":226,"column":12},"end":{"line":226,"column":29}},"99":{"start":{"line":227,"column":12},"end":{"line":227,"column":28}},"100":{"start":{"line":228,"column":12},"end":{"line":228,"column":30}},"101":{"start":{"line":229,"column":12},"end":{"line":229,"column":29}},"102":{"start":{"line":230,"column":17},"end":{"line":258,"column":11}},"103":{"start":{"line":231,"column":12},"end":{"line":231,"column":69}},"104":{"start":{"line":232,"column":12},"end":{"line":232,"column":63}},"105":{"start":{"line":233,"column":12},"end":{"line":233,"column":29}},"106":{"start":{"line":234,"column":12},"end":{"line":234,"column":28}},"107":{"start":{"line":235,"column":12},"end":{"line":235,"column":30}},"108":{"start":{"line":236,"column":12},"end":{"line":236,"column":29}},"109":{"start":{"line":237,"column":17},"end":{"line":258,"column":11}},"110":{"start":{"line":238,"column":12},"end":{"line":238,"column":69}},"111":{"start":{"line":239,"column":12},"end":{"line":239,"column":74}},"112":{"start":{"line":240,"column":12},"end":{"line":240,"column":63}},"113":{"start":{"line":241,"column":12},"end":{"line":241,"column":28}},"114":{"start":{"line":242,"column":12},"end":{"line":242,"column":30}},"115":{"start":{"line":243,"column":12},"end":{"line":243,"column":29}},"116":{"start":{"line":244,"column":17},"end":{"line":258,"column":11}},"117":{"start":{"line":245,"column":12},"end":{"line":245,"column":69}},"118":{"start":{"line":246,"column":12},"end":{"line":246,"column":74}},"119":{"start":{"line":247,"column":12},"end":{"line":247,"column":74}},"120":{"start":{"line":248,"column":12},"end":{"line":248,"column":78}},"121":{"start":{"line":249,"column":12},"end":{"line":249,"column":80}},"122":{"start":{"line":250,"column":12},"end":{"line":250,"column":29}},"123":{"start":{"line":251,"column":17},"end":{"line":258,"column":11}},"124":{"start":{"line":252,"column":12},"end":{"line":252,"column":69}},"125":{"start":{"line":253,"column":12},"end":{"line":253,"column":74}},"126":{"start":{"line":254,"column":12},"end":{"line":254,"column":74}},"127":{"start":{"line":255,"column":12},"end":{"line":255,"column":78}},"128":{"start":{"line":256,"column":12},"end":{"line":256,"column":85}},"129":{"start":{"line":257,"column":12},"end":{"line":257,"column":78}},"130":{"start":{"line":260,"column":10},"end":{"line":260,"column":62}},"131":{"start":{"line":261,"column":10},"end":{"line":261,"column":62}},"132":{"start":{"line":262,"column":10},"end":{"line":262,"column":58}},"133":{"start":{"line":263,"column":10},"end":{"line":263,"column":55}},"134":{"start":{"line":264,"column":10},"end":{"line":264,"column":59}},"135":{"start":{"line":265,"column":10},"end":{"line":265,"column":57}},"136":{"start":{"line":269,"column":10},"end":{"line":269,"column":48}},"137":{"start":{"line":270,"column":10},"end":{"line":270,"column":48}},"138":{"start":{"line":271,"column":10},"end":{"line":271,"column":44}},"139":{"start":{"line":272,"column":10},"end":{"line":272,"column":42}},"140":{"start":{"line":273,"column":10},"end":{"line":273,"column":46}},"141":{"start":{"line":274,"column":10},"end":{"line":274,"column":44}},"142":{"start":{"line":277,"column":10},"end":{"line":277,"column":88}},"143":{"start":{"line":278,"column":10},"end":{"line":278,"column":88}},"144":{"start":{"line":279,"column":10},"end":{"line":279,"column":80}},"145":{"start":{"line":280,"column":10},"end":{"line":280,"column":76}},"146":{"start":{"line":281,"column":10},"end":{"line":281,"column":84}},"147":{"start":{"line":282,"column":10},"end":{"line":282,"column":80}},"148":{"start":{"line":287,"column":8},"end":{"line":312,"column":9}},"149":{"start":{"line":288,"column":10},"end":{"line":288,"column":54}},"150":{"start":{"line":290,"column":10},"end":{"line":295,"column":12}},"151":{"start":{"line":291,"column":12},"end":{"line":291,"column":45}},"152":{"start":{"line":292,"column":12},"end":{"line":294,"column":13}},"153":{"start":{"line":293,"column":14},"end":{"line":293,"column":29}},"154":{"start":{"line":297,"column":10},"end":{"line":299,"column":13}},"155":{"start":{"line":298,"column":13},"end":{"line":298,"column":47}},"156":{"start":{"line":301,"column":10},"end":{"line":309,"column":13}},"157":{"start":{"line":302,"column":12},"end":{"line":304,"column":13}},"158":{"start":{"line":303,"column":14},"end":{"line":303,"column":29}},"159":{"start":{"line":306,"column":12},"end":{"line":306,"column":48}},"160":{"start":{"line":307,"column":12},"end":{"line":307,"column":52}},"161":{"start":{"line":308,"column":12},"end":{"line":308,"column":33}},"162":{"start":{"line":311,"column":10},"end":{"line":311,"column":28}},"163":{"start":{"line":313,"column":8},"end":{"line":313,"column":29}},"164":{"start":{"line":315,"column":8},"end":{"line":377,"column":10}},"165":{"start":{"line":316,"column":10},"end":{"line":316,"column":31}},"166":{"start":{"line":317,"column":10},"end":{"line":317,"column":58}},"167":{"start":{"line":318,"column":10},"end":{"line":318,"column":48}},"168":{"start":{"line":320,"column":10},"end":{"line":324,"column":11}},"169":{"start":{"line":321,"column":12},"end":{"line":321,"column":43}},"170":{"start":{"line":322,"column":12},"end":{"line":322,"column":66}},"171":{"start":{"line":323,"column":12},"end":{"line":323,"column":64}},"172":{"start":{"line":326,"column":10},"end":{"line":329,"column":11}},"173":{"start":{"line":327,"column":12},"end":{"line":327,"column":45}},"174":{"start":{"line":328,"column":12},"end":{"line":328,"column":52}},"175":{"start":{"line":331,"column":10},"end":{"line":339,"column":11}},"176":{"start":{"line":332,"column":12},"end":{"line":332,"column":26}},"177":{"start":{"line":333,"column":12},"end":{"line":333,"column":30}},"178":{"start":{"line":334,"column":12},"end":{"line":334,"column":33}},"179":{"start":{"line":335,"column":12},"end":{"line":337,"column":13}},"180":{"start":{"line":336,"column":14},"end":{"line":336,"column":50}},"181":{"start":{"line":338,"column":12},"end":{"line":338,"column":19}},"182":{"start":{"line":340,"column":10},"end":{"line":340,"column":31}},"183":{"start":{"line":343,"column":10},"end":{"line":348,"column":43}},"184":{"start":{"line":344,"column":14},"end":{"line":344,"column":21}},"185":{"start":{"line":347,"column":14},"end":{"line":347,"column":30}},"186":{"start":{"line":350,"column":10},"end":{"line":357,"column":13}},"187":{"start":{"line":359,"column":10},"end":{"line":367,"column":11}},"188":{"start":{"line":360,"column":12},"end":{"line":360,"column":31}},"189":{"start":{"line":362,"column":15},"end":{"line":367,"column":11}},"190":{"start":{"line":363,"column":12},"end":{"line":363,"column":26}},"191":{"start":{"line":364,"column":12},"end":{"line":366,"column":13}},"192":{"start":{"line":365,"column":14},"end":{"line":365,"column":50}},"193":{"start":{"line":369,"column":10},"end":{"line":376,"column":11}},"194":{"start":{"line":371,"column":12},"end":{"line":371,"column":144}},"195":{"start":{"line":373,"column":12},"end":{"line":375,"column":13}},"196":{"start":{"line":374,"column":14},"end":{"line":374,"column":48}},"197":{"start":{"line":379,"column":8},"end":{"line":381,"column":9}},"198":{"start":{"line":380,"column":10},"end":{"line":380,"column":25}},"199":{"start":{"line":386,"column":4},"end":{"line":426,"column":6}},"200":{"start":{"line":390,"column":8},"end":{"line":390,"column":37}},"201":{"start":{"line":391,"column":8},"end":{"line":393,"column":11}},"202":{"start":{"line":392,"column":10},"end":{"line":392,"column":41}},"203":{"start":{"line":394,"column":8},"end":{"line":396,"column":11}},"204":{"start":{"line":395,"column":10},"end":{"line":395,"column":41}},"205":{"start":{"line":397,"column":8},"end":{"line":399,"column":11}},"206":{"start":{"line":398,"column":10},"end":{"line":398,"column":39}},"207":{"start":{"line":400,"column":8},"end":{"line":402,"column":10}},"208":{"start":{"line":401,"column":10},"end":{"line":401,"column":43}},"209":{"start":{"line":403,"column":8},"end":{"line":405,"column":10}},"210":{"start":{"line":404,"column":10},"end":{"line":404,"column":42}},"211":{"start":{"line":406,"column":8},"end":{"line":408,"column":10}},"212":{"start":{"line":407,"column":10},"end":{"line":407,"column":44}},"213":{"start":{"line":409,"column":8},"end":{"line":421,"column":10}},"214":{"start":{"line":410,"column":10},"end":{"line":420,"column":11}},"215":{"start":{"line":412,"column":14},"end":{"line":412,"column":33}},"216":{"start":{"line":413,"column":14},"end":{"line":413,"column":20}},"217":{"start":{"line":415,"column":14},"end":{"line":415,"column":35}},"218":{"start":{"line":416,"column":14},"end":{"line":416,"column":20}},"219":{"start":{"line":418,"column":14},"end":{"line":418,"column":34}},"220":{"start":{"line":419,"column":14},"end":{"line":419,"column":20}},"221":{"start":{"line":422,"column":8},"end":{"line":424,"column":10}},"222":{"start":{"line":423,"column":10},"end":{"line":423,"column":66}},"223":{"start":{"line":430,"column":0},"end":{"line":432,"column":1}},"224":{"start":{"line":431,"column":2},"end":{"line":431,"column":31}},"225":{"start":{"line":434,"column":0},"end":{"line":434,"column":34}},"226":{"start":{"line":436,"column":0},"end":{"line":498,"column":3}},"227":{"start":{"line":438,"column":4},"end":{"line":438,"column":36}},"228":{"start":{"line":440,"column":4},"end":{"line":440,"column":42}},"229":{"start":{"line":441,"column":4},"end":{"line":441,"column":42}},"230":{"start":{"line":442,"column":4},"end":{"line":442,"column":45}},"231":{"start":{"line":444,"column":4},"end":{"line":467,"column":6}},"232":{"start":{"line":445,"column":8},"end":{"line":445,"column":75}},"233":{"start":{"line":447,"column":8},"end":{"line":447,"column":67}},"234":{"start":{"line":448,"column":8},"end":{"line":450,"column":9}},"235":{"start":{"line":449,"column":12},"end":{"line":449,"column":33}},"236":{"start":{"line":452,"column":8},"end":{"line":452,"column":29}},"237":{"start":{"line":453,"column":8},"end":{"line":455,"column":9}},"238":{"start":{"line":454,"column":12},"end":{"line":454,"column":42}},"239":{"start":{"line":463,"column":8},"end":{"line":466,"column":11}},"240":{"start":{"line":474,"column":4},"end":{"line":495,"column":6}},"241":{"start":{"line":475,"column":8},"end":{"line":475,"column":59}},"242":{"start":{"line":477,"column":8},"end":{"line":477,"column":22}},"243":{"start":{"line":479,"column":8},"end":{"line":492,"column":9}},"244":{"start":{"line":480,"column":12},"end":{"line":488,"column":14}},"245":{"start":{"line":491,"column":12},"end":{"line":491,"column":116}},"246":{"start":{"line":494,"column":8},"end":{"line":494,"column":20}},"247":{"start":{"line":497,"column":4},"end":{"line":497,"column":23}},"248":{"start":{"line":500,"column":0},"end":{"line":500,"column":34}},"249":{"start":{"line":502,"column":0},"end":{"line":545,"column":3}},"250":{"start":{"line":504,"column":2},"end":{"line":504,"column":41}},"251":{"start":{"line":517,"column":2},"end":{"line":542,"column":4}},"252":{"start":{"line":518,"column":4},"end":{"line":520,"column":23}},"253":{"start":{"line":522,"column":4},"end":{"line":522,"column":41}},"254":{"start":{"line":525,"column":4},"end":{"line":532,"column":5}},"255":{"start":{"line":526,"column":6},"end":{"line":526,"column":41}},"256":{"start":{"line":527,"column":6},"end":{"line":527,"column":66}},"257":{"start":{"line":528,"column":6},"end":{"line":528,"column":66}},"258":{"start":{"line":531,"column":6},"end":{"line":531,"column":58}},"259":{"start":{"line":534,"column":4},"end":{"line":534,"column":50}},"260":{"start":{"line":535,"column":4},"end":{"line":535,"column":66}},"261":{"start":{"line":537,"column":4},"end":{"line":539,"column":5}},"262":{"start":{"line":538,"column":6},"end":{"line":538,"column":31}},"263":{"start":{"line":541,"column":4},"end":{"line":541,"column":30}},"264":{"start":{"line":544,"column":2},"end":{"line":544,"column":34}}},"branchMap":{"1":{"line":40,"type":"if","locations":[{"start":{"line":40,"column":8},"end":{"line":40,"column":8}},{"start":{"line":40,"column":8},"end":{"line":40,"column":8}}]},"2":{"line":49,"type":"binary-expr","locations":[{"start":{"line":49,"column":27},"end":{"line":49,"column":43}},{"start":{"line":49,"column":47},"end":{"line":49,"column":63}}]},"3":{"line":52,"type":"binary-expr","locations":[{"start":{"line":52,"column":26},"end":{"line":52,"column":41}},{"start":{"line":52,"column":45},"end":{"line":52,"column":49}}]},"4":{"line":53,"type":"binary-expr","locations":[{"start":{"line":53,"column":26},"end":{"line":53,"column":41}},{"start":{"line":53,"column":45},"end":{"line":53,"column":49}}]},"5":{"line":57,"type":"if","locations":[{"start":{"line":57,"column":10},"end":{"line":57,"column":10}},{"start":{"line":57,"column":10},"end":{"line":57,"column":10}}]},"6":{"line":70,"type":"if","locations":[{"start":{"line":70,"column":8},"end":{"line":70,"column":8}},{"start":{"line":70,"column":8},"end":{"line":70,"column":8}}]},"7":{"line":79,"type":"cond-expr","locations":[{"start":{"line":79,"column":111},"end":{"line":79,"column":145}},{"start":{"line":79,"column":148},"end":{"line":79,"column":157}}]},"8":{"line":79,"type":"binary-expr","locations":[{"start":{"line":79,"column":27},"end":{"line":79,"column":65}},{"start":{"line":79,"column":69},"end":{"line":79,"column":108}}]},"9":{"line":107,"type":"if","locations":[{"start":{"line":107,"column":10},"end":{"line":107,"column":10}},{"start":{"line":107,"column":10},"end":{"line":107,"column":10}}]},"10":{"line":113,"type":"if","locations":[{"start":{"line":113,"column":10},"end":{"line":113,"column":10}},{"start":{"line":113,"column":10},"end":{"line":113,"column":10}}]},"11":{"line":113,"type":"binary-expr","locations":[{"start":{"line":113,"column":14},"end":{"line":113,"column":35}},{"start":{"line":113,"column":39},"end":{"line":113,"column":55}}]},"12":{"line":119,"type":"if","locations":[{"start":{"line":119,"column":10},"end":{"line":119,"column":10}},{"start":{"line":119,"column":10},"end":{"line":119,"column":10}}]},"13":{"line":119,"type":"binary-expr","locations":[{"start":{"line":119,"column":14},"end":{"line":119,"column":35}},{"start":{"line":119,"column":39},"end":{"line":119,"column":55}}]},"14":{"line":125,"type":"cond-expr","locations":[{"start":{"line":125,"column":52},"end":{"line":125,"column":80}},{"start":{"line":125,"column":83},"end":{"line":125,"column":91}}]},"15":{"line":126,"type":"cond-expr","locations":[{"start":{"line":126,"column":48},"end":{"line":126,"column":74}},{"start":{"line":126,"column":77},"end":{"line":126,"column":81}}]},"16":{"line":127,"type":"if","locations":[{"start":{"line":127,"column":10},"end":{"line":127,"column":10}},{"start":{"line":127,"column":10},"end":{"line":127,"column":10}}]},"17":{"line":128,"type":"cond-expr","locations":[{"start":{"line":128,"column":114},"end":{"line":128,"column":148}},{"start":{"line":128,"column":151},"end":{"line":128,"column":160}}]},"18":{"line":128,"type":"binary-expr","locations":[{"start":{"line":128,"column":31},"end":{"lin
[...]
":{"line":355,"column":15},"end":{"line":355,"column":15}},{"start":{"line":355,"column":15},"end":{"line":355,"column":15}}]},"53":{"line":357,"type":"if","locations":[{"start":{"line":357,"column":12},"end":{"line":357,"column":12}},{"start":{"line":357,"column":12},"end":{"line":357,"column":12}}]},"54":{"line":362,"type":"if","locations":[{"start":{"line":362,"column":10},"end":{"line":362,"column":10}},{"start":{"line":362,"column":10},"end":{"line":362,"column":10}}]},"55":{"line":366,"type":"if","locations":[{"start":{"line":366,"column":12},"end":{"line":366,"column":12}},{"start":{"line":366,"column":12},"end":{"line":366,"column":12}}]},"56":{"line":372,"type":"if","locations":[{"start":{"line":372,"column":8},"end":{"line":372,"column":8}},{"start":{"line":372,"column":8},"end":{"line":372,"column":8}}]},"57":{"line":372,"type":"binary-expr","locations":[{"start":{"line":372,"column":12},"end":{"line":372,"column":42}},{"start":{"line":372,"column":46},"end":{"line":372,"column":71}}]},"58":{"line":403,"type":"switch","locations":[{"start":{"line":404,"column":12},"end":{"line":406,"column":20}},{"start":{"line":407,"column":12},"end":{"line":409,"column":20}},{"start":{"line":410,"column":12},"end":{"line":412,"column":20}}]},"59":{"line":423,"type":"if","locations":[{"start":{"line":423,"column":0},"end":{"line":423,"column":0}},{"start":{"line":423,"column":0},"end":{"line":423,"column":0}}]},"60":{"line":423,"type":"binary-expr","locations":[{"start":{"line":423,"column":4},"end":{"line":423,"column":33}},{"start":{"line":423,"column":37},"end":{"line":423,"column":67}},{"start":{"line":423,"column":71},"end":{"line":423,"column":97}}]}},"code":["var timerModule = angular.module('timer', [])","  .directive('timer', ['$compile', function ($compile) {","    return  {","      restrict: 'EA',","      replace: false,","      scope: {","        interval: '=interval',","        startTimeAttr: '=startTime',","        endTimeAttr: '=endTime',","        countdownattr: '=countdown',","        finishCallback: '&finishCallback',","        autoStart: '&autoStart',","        language: '@?',","        fallback: '@?',","        maxTimeUnit: '=',","        seconds: '=?',","        minutes: '=?',","        hours: '=?',","        days: '=?',","        months: '=?',","        years: '=?',","        secondsS: '=?',","        minutesS: '=?',","        hoursS: '=?',","        daysS: '=?',","        monthsS: '=?',","        yearsS: '=?'","      },","      controller: ['$scope', '$element', '$attrs', '$timeout', 'I18nService', '$interpolate', 'progressBarService', function ($scope, $element, $attrs, $timeout, I18nService, $interpolate, progressBarService) {","","        // Checking for trim function since IE8 doesn't have it","        // If not a function, create tirm with RegEx to mimic native trim","        if (typeof String.prototype.trim !== 'function') {","          String.prototype.trim = function () {","            return this.replace(/^\\s+|\\s+$/g, '');","          };","        }","","        //angular 1.2 doesn't support attributes ending in \"-start\", so we're","        //supporting both \"autostart\" and \"auto-start\" as a solution for","        //backward and forward compatibility.","        $scope.autoStart = $attrs.autoStart || $attrs.autostart;","","","        $scope.language = $scope.language || 'en';","        $scope.fallback = $scope.fallback || 'en';","","        //allow to change the language of the directive while already launched","        $scope.$watch('language', function(newVal, oldVal) {","          if(newVal !== undefined) {","            i18nService.init(newVal, $scope.fallback);","          }","        });","","        //init momentJS i18n, default english","        var i18nService = new I18nService();","        i18nService.init($scope.language, $scope.fallback);","","        //progress bar","        $scope.displayProgressBar = 0;","        $scope.displayProgressActive = 'active'; //Bootstrap active effect for progress bar","","        if ($element.html().trim().length === 0) {","          $element.append($compile('<span>' + $interpolate.startSymbol() + 'millis' + $interpolate.endSymbol() + '</span>')($scope));","        } else {","          $element.append($compile($element.contents())($scope));","        }","","        $scope.startTime = null;","        $scope.endTime = null;","        $scope.timeoutId = null;","        $scope.countdown = angular.isNumber($scope.countdownattr) && parseInt($scope.countdownattr, 10) >= 0 ? parseInt($scope.countdownattr, 10) : undefined;","        $scope.isRunning = false;","","        $scope.$on('timer-start', function () {","          $scope.start();","        });","","        $scope.$on('timer-resume', function () {","          $scope.resume();","        });","","        $scope.$on('timer-stop', function () {","          $scope.stop();","        });","","        $scope.$on('timer-clear', function () {","          $scope.clear();","        });","","        $scope.$on('timer-reset', function () {","          $scope.reset();","        });","","        $scope.$on('timer-set-countdown', function (e, countdown) {","          $scope.countdown = countdown;","        });","","        function resetTimeout() {","          if ($scope.timeoutId) {","            clearTimeout($scope.timeoutId);","          }","        }","","        $scope.$watch('startTimeAttr', function(newValue, oldValue) {","          if (newValue !== oldValue && $scope.isRunning) {","            $scope.start();","          }","        });","","        $scope.$watch('endTimeAttr', function(newValue, oldValue) {","          if (newValue !== oldValue && $scope.isRunning) {","            $scope.start();","          }","        });","","        $scope.start = function () {","          $scope.startTime = $scope.startTimeAttr ? moment($scope.startTimeAttr) : moment();","          $scope.endTime = $scope.endTimeAttr ? moment($scope.endTimeAttr) : null;","          if (!angular.isNumber($scope.countdown)) {","            $scope.countdown = angular.isNumber($scope.countdownattr) && parseInt($scope.countdownattr, 10) > 0 ? parseInt($scope.countdownattr, 10) : undefined;","          }","          resetTimeout();","          tick();","          $scope.isRunning = true;","          $scope.$emit('timer-started', {","            timeoutId: $scope.timeoutId,","            millis: $scope.millis,","            seconds: $scope.seconds,","            minutes: $scope.minutes,","            hours: $scope.hours,","            days: $scope.days","          });","        };","","        $scope.resume = function () {","          resetTimeout();","          if ($scope.countdownattr) {","            $scope.countdown += 1;","          }","          $scope.startTime = moment().diff((moment($scope.stoppedTime).diff(moment($scope.startTime))));","          tick();","          $scope.isRunning = true;","          $scope.$emit('timer-started', {","            timeoutId: $scope.timeoutId,","            millis: $scope.millis,","            seconds: $scope.seconds,","            minutes: $scope.minutes,","            hours: $scope.hours,","            days: $scope.days","          });","        };","","        $scope.stop = $scope.pause = function () {","          var timeoutId = $scope.timeoutId;","          $scope.clear();","          $scope.$emit('timer-stopped', {","            timeoutId: timeoutId,","            millis: $scope.millis,","            seconds: $scope.seconds,","            minutes: $scope.minutes,","            hours: $scope.hours,","            days: $scope.days","          });","        };","","        $scope.clear = function () {","          // same as stop but without the event being triggered","          $scope.stoppedTime = moment();","          resetTimeout();","          $scope.timeoutId = null;","          $scope.isRunning = false;","        };","","        $scope.reset = function () {","          $scope.startTime = $scope.startTimeAttr ? moment($scope.startTimeAttr) : moment();","          $scope.endTime = $scope.endTimeAttr ? moment($scope.endTimeAttr) : null;","          $scope.countdown = angular.isNumber($scope.countdownattr) && parseInt($scope.countdownattr, 10) > 0 ? parseInt($scope.countdownattr, 10) : undefined;","          resetTimeout();","          tick();","          $scope.isRunning = false;","          $scope.clear();","          $scope.$emit('timer-reset', {","            timeoutId: timeoutId,","            millis: $scope.millis,","            seconds: $scope.seconds,","            minutes: $scope.minutes,","            hours: $scope.hours,","            days: $scope.days","          });","        };","","        $element.bind('$destroy', function () {","          resetTimeout();","          $scope.isRunning = false;","        });","","","        function calculateTimeUnits() {","          var timeUnits = {}; //will contains time with units","","          if ($attrs.startTime !== undefined){","            $scope.millis = moment().diff(moment($scope.startTimeAttr));","          }","","          timeUnits = i18nService.getTimeUnits($scope.millis);","","          // compute time values based on maxTimeUnit specification","          if (!$scope.maxTimeUnit || $scope.maxTimeUnit === 'day') {","            $scope.seconds = Math.floor(($scope.millis / 1000) % 60);","            $scope.minutes = Math.floor((($scope.millis / (60000)) % 60));","            $scope.hours = Math.floor((($scope.millis / (3600000)) % 24));","            $scope.days = Math.floor((($scope.millis / (3600000)) / 24));","            $scope.months = 0;","            $scope.years = 0;","          } else if ($scope.maxTimeUnit === 'second') {","            $scope.seconds = Math.floor($scope.millis / 1000);","            $scope.minutes = 0;","            $scope.hours = 0;","            $scope.days = 0;","            $scope.months = 0;","            $scope.years = 0;","          } else if ($scope.maxTimeUnit === 'minute') {","            $scope.seconds = Math.floor(($scope.millis / 1000) % 60);","            $scope.minutes = Math.floor($scope.millis / 60000);","            $scope.hours = 0;","            $scope.days = 0;","            $scope.months = 0;","            $scope.years = 0;","          } else if ($scope.maxTimeUnit === 'hour') {","            $scope.seconds = Math.floor(($scope.millis / 1000) % 60);","            $scope.minutes = Math.floor((($scope.millis / (60000)) % 60));","            $scope.hours = Math.floor($scope.millis / 3600000);","            $scope.days = 0;","            $scope.months = 0;","            $scope.years = 0;","          } else if ($scope.maxTimeUnit === 'month') {","            $scope.seconds = Math.floor(($scope.millis / 1000) % 60);","            $scope.minutes = Math.floor((($scope.millis / (60000)) % 60));","            $scope.hours = Math.floor((($scope.millis / (3600000)) % 24));","            $scope.days = Math.floor((($scope.millis / (3600000)) / 24) % 30);","            $scope.months = Math.floor((($scope.millis / (3600000)) / 24) / 30);","            $scope.years = 0;","          } else if ($scope.maxTimeUnit === 'year') {","            $scope.seconds = Math.floor(($scope.millis / 1000) % 60);","            $scope.minutes = Math.floor((($scope.millis / (60000)) % 60));","            $scope.hours = Math.floor((($scope.millis / (3600000)) % 24));","            $scope.days = Math.floor((($scope.millis / (3600000)) / 24) % 30);","            $scope.months = Math.floor((($scope.millis / (3600000)) / 24 / 30) % 12);","            $scope.years = Math.floor(($scope.millis / (3600000)) / 24 / 365);","          }","          // plural - singular unit decision (old syntax, for backwards compatibility and English only, could be deprecated!)","          $scope.secondsS = ($scope.seconds === 1) ? '' : 's';","          $scope.minutesS = ($scope.minutes === 1) ? '' : 's';","          $scope.hoursS = ($scope.hours === 1) ? '' : 's';","          $scope.daysS = ($scope.days === 1)? '' : 's';","          $scope.monthsS = ($scope.months === 1)? '' : 's';","          $scope.yearsS = ($scope.years === 1)? '' : 's';","","","          // new plural-singular unit decision functions (for custom units and multilingual support)","          $scope.secondUnit = timeUnits.seconds;","          $scope.minuteUnit = timeUnits.minutes;","          $scope.hourUnit = timeUnits.hours;","          $scope.dayUnit = timeUnits.days;","          $scope.monthUnit = timeUnits.months;","          $scope.yearUnit = timeUnits.years;","","          //add leading zero if number is smaller than 10","          $scope.sseconds = $scope.seconds < 10 ? '0' + $scope.seconds : $scope.seconds;","          $scope.mminutes = $scope.minutes < 10 ? '0' + $scope.minutes : $scope.minutes;","          $scope.hhours = $scope.hours < 10 ? '0' + $scope.hours : $scope.hours;","          $scope.ddays = $scope.days < 10 ? '0' + $scope.days : $scope.days;","          $scope.mmonths = $scope.months < 10 ? '0' + $scope.months : $scope.months;","          $scope.yyears = $scope.years < 10 ? '0' + $scope.years : $scope.years;","","        }","","        //determine initial values of time units and add AddSeconds functionality","        if ($scope.countdownattr) {","          $scope.millis = $scope.countdownattr * 1000;","","          $scope.addCDSeconds = function (extraSeconds) {","            $scope.countdown += extraSeconds;","            if (!$scope.isRunning) {","              $scope.start();","            }","          };","","          $scope.$on('timer-add-cd-seconds', function (e, extraSeconds) {","             $scope.addCDSeconds(extraSeconds);","          });","","          $scope.$on('timer-set-countdown-seconds', function (e, countdownSeconds) {","            if (!$scope.isRunning) {","              $scope.clear();","            }","","            $scope.countdown = countdownSeconds;","            $scope.millis = countdownSeconds * 1000;","            calculateTimeUnits();","          });","        } else {","          $scope.millis = 0;","        }","        calculateTimeUnits();","","        var tick = function tick() {","          var typeTimer = null; // countdown or endTimeAttr","          $scope.millis = moment().diff($scope.startTime);","          var adjustment = $scope.millis % 1000;","","          if ($scope.endTimeAttr) {","            typeTimer = $scope.endTimeAttr;","            $scope.millis = moment($scope.endTime).diff(moment());","            adjustment = $scope.interval - $scope.millis % 1000;","          }","","          if ($scope.countdownattr) {","            typeTimer = $scope.countdownattr;","            $scope.millis = $scope.countdown * 1000;","          }","","          if ($scope.millis < 0) {","            $scope.stop();","            $scope.millis = 0;","            calculateTimeUnits();","            if($scope.finishCallback) {","              $scope.$eval($scope.finishCallback);","            }","            return;","          }","          calculateTimeUnits();","","          //We are not using $timeout for a reason. Please read here - https://github.com/siddii/angular-timer/pull/5","          $scope.timeoutId = setTimeout(function () {","              tick();","              // since you choose not to use $timeout, at least preserve angular cycle two way data binding","              // by calling $scope.$apply() instead of $scope.$digest()","              $scope.$apply();","          }, $scope.interval - adjustment);","","          $scope.$emit('timer-tick', {","            timeoutId: $scope.timeoutId,","            millis: $scope.millis,","            seconds: $scope.seconds,","            minutes: $scope.minutes,","            hours: $scope.hours,","            days: $scope.days","          });","","          if ($scope.countdown > 0) {","            $scope.countdown--;","          }","          else if ($scope.countdown <= 0) {","            $scope.stop();","            if($scope.finishCallback) {","              $scope.$eval($scope.finishCallback);","            }","          }","","          if(typeTimer !== null){","            //calculate progress bar","            $scope.progressBar = progressBarService.calculateProgressBar($scope.startTime, $scope.millis, $scope.endTime, $scope.countdownattr);","","            if($scope.progressBar === 100){","              $scope.displayProgressActive = ''; //No more Bootstrap active effect","            }","          }","        };","","        if ($scope.autoStart === undefined || $scope.autoStart === true) {","          $scope.start();","        }","      }]","    };","  }])","  .directive('timerControls', function() {","    return {","      restrict: 'EA',","      scope: true,","      controller: ['$scope', function($scope) {","        $scope.timerStatus = \"reset\";","        $scope.$on('timer-started', function() {","          $scope.timerStatus = \"started\";","        });","        $scope.$on('timer-stopped', function() {","          $scope.timerStatus = \"stopped\";","        });","        $scope.$on('timer-reset', function() {","          $scope.timerStatus = \"reset\";","        });","        $scope.timerStart = function() {","          $scope.$broadcast('timer-start');","        };","        $scope.timerStop = function() {","          $scope.$broadcast('timer-stop');","        };","        $scope.timerResume = function() {","          $scope.$broadcast('timer-resume');","        };","        $scope.timerToggle = function() {","          switch ($scope.timerStatus) {","            case \"started\":","              $scope.timerStop();","              break;","            case \"stopped\":","              $scope.timerResume();","              break;","            case \"reset\":","              $scope.timerStart();","              break;","          }","        };","        $scope.timerAddCDSeconds = function(extraSeconds) {","          $scope.$broadcast('timer-add-cd-seconds', extraSeconds);","        };","      }]","    };","  });","","/* commonjs package manager support (eg componentjs) */","if (typeof module !== \"undefined\" && typeof exports !== \"undefined\" && module.exports === exports){","  module.exports = timerModule;","}",""],"l":{"1":2,"3":0,"33":0,"34":0,"35":0,"42":0,"45":0,"46":0,"49":0,"50":0,"51":0,"56":0,"57":0,"60":0,"61":0,"63":0,"64":0,"66":0,"69":0,"70":0,"71":0,"72":0,"73":0,"75":0,"76":0,"79":0,"80":0,"83":0,"84":0,"87":0,"88":0,"91":0,"92":0,"95":0,"96":0,"99":1,"100":0,"101":0,"105":0,"106":0,"107":0,"111":0,"112":0,"113":0,"117":0,"118":0,"119":0,"120":0,"121":0,"123":0,"124":0,"125":0,"126":0,"136":0,"137":0,"138":0,"139":0,"141":0,"142":0,"143":0,"144":0,"154":0,"155":0,"156":0,"157":0,"167":0,"169":0,"170":0,"171":0,"172":0,"175":0,"176":0,"177":0,"178":0,"179":0,"180":0,"181":0,"182":0,"183":0,"193":0,"194":0,"195":0,"199":1,"200":0,"202":0,"203":0,"206":0,"209":0,"210":0,"211":0,"212":0,"213":0,"214":0,"215":0,"216":0,"217":0,"218":0,"219":0,"220":0,"221":0,"222":0,"223":0,"224":0,"225":0,"226":0,"227":0,"228":0,"229":0,"230":0,"231":0,"232":0,"233":0,"234":0,"235":0,"236":0,"237":0,"238":0,"239":0,"240":0,"241":0,"242":0,"243":0,"244":0,"245":0,"246":0,"247":0,"248":0,"249":0,"250":0,"253":0,"254":0,"255":0,"256":0,"257":0,"258":0,"262":0,"263":0,"264":0,"265":0,"266":0,"267":0,"270":0,"271":0,"272":0,"273":0,"274":0,"275":0,"280":0,"281":0,"283":0,"284":0,"285":0,"286":0,"290":0,"291":0,"294":0,"295":0,"296":0,"299":0,"300":0,"301":0,"304":0,"306":0,"308":0,"309":0,"310":0,"311":0,"313":0,"314":0,"315":0,"316":0,"319":0,"320":0,"321":0,"324":0,"325":0,"326":0,"327":0,"328":0,"329":0,"331":0,"333":0,"336":0,"337":0,"340":0,"343":0,"352":0,"353":0,"355":0,"356":0,"357":0,"358":0,"362":0,"364":0,"366":0,"367":0,"372":0,"373":0,"379":0,"383":0,"384":0,"385":0,"387":0,"388":0,"390":0,"391":0,"393":0,"394":0,"396":0,"397":0,"399":0,"400":0,"402":0,"403":0,"405":0,"406":0,"408":0,"409":0,"411":0,"412":0,"415":0,"416":0,"423":0,"424":0}}}